2026-01-28 08:46:28,810 [ERROR] LogOutputStream:75 - [STDERR_REDIRECT] 
2026-01-28 09:38:53,206 [INFO] Activator:176 - 


2026-01-28 09:38:53,208 [INFO] Activator:177 - !SESSION log4j initialized
2026-01-28 09:38:58,665 [INFO] LogOutputStream:77 - [STDOUT_REDIRECT] 
2026-01-28 09:38:59,566 [INFO] ApplicationProperties:184 - Using Application install path: C:\Applications\STM32CubeIDE\STM32CubeIDE_1.18.1\STM32CubeIDE\plugins\com.st.stm32cube.common.mx_6.14.1.202504091515
2026-01-28 09:38:59,584 [INFO] DbMcusXml:78 - Set database path to: C:\Applications\STM32CubeIDE\STM32CubeIDE_1.18.1\STM32CubeIDE\plugins\com.st.stm32cube.common.mx_6.14.1.202504091515\\db\/mcu/
2026-01-28 09:38:59,584 [INFO] ApiDb:274 - Set plugin database path to: C:\Applications\STM32CubeIDE\STM32CubeIDE_1.18.1\STM32CubeIDE\plugins\com.st.stm32cube.common.mx_6.14.1.202504091515\\db\/plugins/boardmanager/
2026-01-28 09:38:59,584 [WARN] ApiDb:259 - Overriding images path with different value:  => C:\Applications\STM32CubeIDE\STM32CubeIDE_1.18.1\STM32CubeIDE\plugins\com.st.stm32cube.common.mx_6.14.1.202504091515\\db\/plugins/mcufinder/images/
2026-01-28 09:38:59,593 [INFO] ApiDb:250 - Set database path to: C:\Users\Sjiax\.stmcufinder\plugins\mcufinder//mcu/
2026-01-28 09:38:59,594 [INFO] DbMcusAds:125 - Set database path to: C:\Users\Sjiax\.stmcufinder\plugins\mcufinder//mcu/
2026-01-28 09:38:59,596 [INFO] CrossReferenceDbSqlite:203 - Set database path to: C:\Users\Sjiax\.stmcufinder\plugins\mcufinder//mcu/cs/
2026-01-28 09:38:59,716 [INFO] RulesReader:64 - Compatibility file has been processed (302 Rules)
2026-01-28 09:38:59,792 [INFO] DbMcusXml:78 - Set database path to: C:\Applications\STM32CubeIDE\STM32CubeIDE_1.18.1\STM32CubeIDE\plugins\com.st.stm32cube.common.mx_6.14.1.202504091515\\db\/mcu/
2026-01-28 09:38:59,793 [INFO] ApiDb:274 - Set plugin database path to: C:\Applications\STM32CubeIDE\STM32CubeIDE_1.18.1\STM32CubeIDE\plugins\com.st.stm32cube.common.mx_6.14.1.202504091515\\db\/plugins/boardmanager/
2026-01-28 09:38:59,793 [INFO] ApiDb:261 - Set plugin images path to: C:\Applications\STM32CubeIDE\STM32CubeIDE_1.18.1\STM32CubeIDE\plugins\com.st.stm32cube.common.mx_6.14.1.202504091515\\db\/plugins/mcufinder/images/
2026-01-28 09:38:59,793 [WARN] DbFile:41 - Overriding database path with different value: C:\Users\Sjiax\.stmcufinder\plugins\mcufinder/ => C:\Users\Sjiax\.stmcufinder\plugins\mcufinder
2026-01-28 09:38:59,793 [INFO] ApiDb:250 - Set database path to: C:\Users\Sjiax\.stmcufinder\plugins\mcufinder//mcu/
2026-01-28 09:38:59,793 [WARN] DbFile:41 - Overriding database path with different value: C:\Users\Sjiax\.stmcufinder\plugins\mcufinder/ => C:\Users\Sjiax\.stmcufinder\plugins\mcufinder
2026-01-28 09:38:59,793 [INFO] DbMcusAds:125 - Set database path to: C:\Users\Sjiax\.stmcufinder\plugins\mcufinder//mcu/
2026-01-28 09:38:59,793 [WARN] DbFile:41 - Overriding database path with different value: C:\Users\Sjiax\.stmcufinder\plugins\mcufinder/ => C:\Users\Sjiax\.stmcufinder\plugins\mcufinder
2026-01-28 09:38:59,794 [WARN] DbFile:41 - Overriding database path with different value: C:\Users\Sjiax\.stmcufinder\plugins\mcufinder/ => C:\Users\Sjiax\.stmcufinder\plugins\mcufinder
2026-01-28 09:38:59,794 [INFO] CrossReferenceDbSqlite:203 - Set database path to: C:\Users\Sjiax\.stmcufinder\plugins\mcufinder//mcu/cs/
2026-01-28 09:38:59,865 [INFO] MainPanel:272 - HeapMemory: 268435456
2026-01-28 09:38:59,986 [INFO] DbMcusXml:78 - Set database path to: C:\Applications\STM32CubeIDE\STM32CubeIDE_1.18.1\STM32CubeIDE\plugins\com.st.stm32cube.common.mx_6.14.1.202504091515\\db\/mcu/
2026-01-28 09:38:59,986 [INFO] ApiDb:274 - Set plugin database path to: C:\Applications\STM32CubeIDE\STM32CubeIDE_1.18.1\STM32CubeIDE\plugins\com.st.stm32cube.common.mx_6.14.1.202504091515\\db\/plugins/boardmanager/
2026-01-28 09:38:59,986 [INFO] ApiDb:261 - Set plugin images path to: C:\Applications\STM32CubeIDE\STM32CubeIDE_1.18.1\STM32CubeIDE\plugins\com.st.stm32cube.common.mx_6.14.1.202504091515\\db\/plugins/mcufinder/images/
2026-01-28 09:38:59,987 [WARN] DbFile:41 - Overriding database path with different value: C:\Users\Sjiax\.stmcufinder\plugins\mcufinder/ => C:\Users\Sjiax\.stmcufinder\plugins\mcufinder
2026-01-28 09:38:59,987 [INFO] ApiDb:250 - Set database path to: C:\Users\Sjiax\.stmcufinder\plugins\mcufinder//mcu/
2026-01-28 09:38:59,987 [WARN] DbFile:41 - Overriding database path with different value: C:\Users\Sjiax\.stmcufinder\plugins\mcufinder/ => C:\Users\Sjiax\.stmcufinder\plugins\mcufinder
2026-01-28 09:38:59,987 [INFO] DbMcusAds:125 - Set database path to: C:\Users\Sjiax\.stmcufinder\plugins\mcufinder//mcu/
2026-01-28 09:38:59,987 [WARN] DbFile:41 - Overriding database path with different value: C:\Users\Sjiax\.stmcufinder\plugins\mcufinder/ => C:\Users\Sjiax\.stmcufinder\plugins\mcufinder
2026-01-28 09:38:59,987 [WARN] DbFile:41 - Overriding database path with different value: C:\Users\Sjiax\.stmcufinder\plugins\mcufinder/ => C:\Users\Sjiax\.stmcufinder\plugins\mcufinder
2026-01-28 09:38:59,987 [INFO] CrossReferenceDbSqlite:203 - Set database path to: C:\Users\Sjiax\.stmcufinder\plugins\mcufinder//mcu/cs/
2026-01-28 09:39:00,006 [INFO] ApplicationProperties:184 - Using Application install path: C:\Applications\STM32CubeIDE\STM32CubeIDE_1.18.1\STM32CubeIDE\plugins\com.st.stm32cube.common.mx_6.14.1.202504091515
2026-01-28 09:39:00,007 [INFO] PluginManage:196 - Search for loadable plugins [exclusion list=, ]
2026-01-28 09:39:00,009 [INFO] PluginManage:310 - Check plugin analytics
2026-01-28 09:39:00,230 [INFO] AnalyticsPlugin:253 - Accepted Software Licenses: STM32CubeMX.6.16.0
2026-01-28 09:39:00,230 [INFO] AnalyticsPlugin:255 - Accepted CMSIS Pack Licenses: 
2026-01-28 09:39:00,230 [INFO] AnalyticsPlugin:257 - Accepted Firmware Licenses: FW.L4.1.18.0
2026-01-28 09:39:00,234 [INFO] PluginManage:359 - Loaded plugin analytics (category:tool,tabindex:-1)
2026-01-28 09:39:00,234 [INFO] PluginManage:310 - Check plugin cadmodel
2026-01-28 09:39:00,240 [INFO] CADModel:105 - Init CAD model plugin
2026-01-28 09:39:00,240 [INFO] PluginManage:359 - Loaded plugin cadmodel (category:power,tabindex:5)
2026-01-28 09:39:00,240 [INFO] PluginManage:310 - Check plugin clock
2026-01-28 09:39:00,251 [INFO] PluginManage:359 - Loaded plugin clock (category:base,tabindex:2)
2026-01-28 09:39:00,251 [INFO] PluginManage:310 - Check plugin ddr
2026-01-28 09:39:00,253 [INFO] PluginManage:359 - Loaded plugin ddr (category:tool,tabindex:6)
2026-01-28 09:39:00,254 [INFO] PluginManage:310 - Check plugin filemanager
2026-01-28 09:39:00,399 [INFO] PluginManage:359 - Loaded plugin filemanager (category:base,tabindex:10)
2026-01-28 09:39:00,399 [INFO] PluginManage:310 - Check plugin ipmanager
2026-01-28 09:39:00,407 [INFO] PluginManage:359 - Loaded plugin ipmanager (category:base,tabindex:5)
2026-01-28 09:39:00,407 [INFO] PluginManage:310 - Check plugin lpbam
2026-01-28 09:39:00,416 [INFO] PluginManage:359 - Loaded plugin lpbam (category:base,tabindex:0)
2026-01-28 09:39:00,416 [INFO] PluginManage:310 - Check plugin memorymap
2026-01-28 09:39:00,432 [INFO] PluginManage:359 - Loaded plugin memorymap (category:base,tabindex:4)
2026-01-28 09:39:00,432 [INFO] PluginManage:310 - Check plugin pinoutandconfiguration
2026-01-28 09:39:00,441 [INFO] PluginManage:359 - Loaded plugin pinoutandconfiguration (category:base,tabindex:1)
2026-01-28 09:39:00,442 [INFO] PluginManage:310 - Check plugin pinoutconfig
2026-01-28 09:39:00,541 [WARN] SupportedApi:132 - Cannot load RTOS API schema: s4s-elt-must-match.1: The content of 'definitions' must match (annotation?, (simpleType | complexType)?, (unique | key | keyref)*)). A problem was found starting at: attribute.
2026-01-28 09:39:00,665 [INFO] PluginManage:359 - Loaded plugin pinoutconfig (category:base,tabindex:0)
2026-01-28 09:39:00,665 [INFO] PluginManage:310 - Check plugin power
2026-01-28 09:39:00,675 [INFO] PluginManage:359 - Loaded plugin power (category:power,tabindex:4)
2026-01-28 09:39:00,676 [INFO] PluginManage:310 - Check plugin projectmanager
2026-01-28 09:39:00,692 [INFO] PluginManage:359 - Loaded plugin projectmanager (category:projectmanager,tabindex:4)
2026-01-28 09:39:00,692 [INFO] PluginManage:310 - Check plugin rif
2026-01-28 09:39:00,700 [INFO] PluginManage:359 - Loaded plugin rif (category:base,tabindex:3)
2026-01-28 09:39:00,701 [INFO] PluginManage:310 - Check plugin thirdparty
2026-01-28 09:39:00,839 [INFO] PluginManage:359 - Loaded plugin thirdparty (category:base,tabindex:-1)
2026-01-28 09:39:00,839 [WARN] IntegrityCheckThread:84 - waiting for thirdparty lock release [integrity check]
2026-01-28 09:39:00,840 [INFO] PluginManage:310 - Check plugin tools
2026-01-28 09:39:00,840 [INFO] IntegrityCheckThread:86 - entering critical section [integrity check]
2026-01-28 09:39:00,840 [INFO] ThirdPartyUpdaterWithRetryManager:70 - Updater plugin not ready yet. [1/15]
2026-01-28 09:39:00,843 [INFO] PluginManage:359 - Loaded plugin tools (category:base,tabindex:7)
2026-01-28 09:39:00,843 [INFO] PluginManage:310 - Check plugin tutovideos
2026-01-28 09:39:01,031 [INFO] PluginManage:359 - Loaded plugin tutovideos (category:base,tabindex:-1)
2026-01-28 09:39:01,031 [INFO] PluginManage:310 - Check plugin updater
2026-01-28 09:39:01,053 [INFO] PluginManage:359 - Loaded plugin updater (category:base,tabindex:12)
2026-01-28 09:39:01,053 [INFO] PluginManage:310 - Check plugin userauth
2026-01-28 09:39:01,057 [INFO] UserAuth:118 - Init User Auth plugin
2026-01-28 09:39:01,058 [INFO] PluginManage:359 - Loaded plugin userauth (category:base,tabindex:14)
2026-01-28 09:39:01,059 [INFO] PluginManage:283 - PluginManage : Loaded plugins [18]
2026-01-28 09:39:01,277 [INFO] PinOutPanel:1589 - setPackage(No Configuration,No Configuration)
2026-01-28 09:39:01,371 [INFO] CADModel:165 - CPN selected for project level
2026-01-28 09:39:01,371 [INFO] CADModel:114 - Register for checkConnection events
2026-01-28 09:39:01,389 [INFO] IPUIPlugin:80 - create IPUIPlugin
2026-01-28 09:39:01,390 [INFO] PluginManager:220 - loadIPPluginJar : add adc
2026-01-28 09:39:01,392 [INFO] IPUIPlugin:80 - create IPUIPlugin
2026-01-28 09:39:01,392 [INFO] PluginManager:220 - loadIPPluginJar : add aes
2026-01-28 09:39:01,395 [INFO] IPUIPlugin:80 - create IPUIPlugin
2026-01-28 09:39:01,396 [INFO] PluginManager:220 - loadIPPluginJar : add can
2026-01-28 09:39:01,398 [INFO] IPUIPlugin:80 - create IPUIPlugin
2026-01-28 09:39:01,398 [INFO] PluginManager:220 - loadIPPluginJar : add comp
2026-01-28 09:39:01,400 [INFO] IPUIPlugin:80 - create IPUIPlugin
2026-01-28 09:39:01,400 [INFO] PluginManager:220 - loadIPPluginJar : add cryp
2026-01-28 09:39:01,403 [INFO] IPUIPlugin:80 - create IPUIPlugin
2026-01-28 09:39:01,403 [INFO] PluginManager:220 - loadIPPluginJar : add ddr_ctrl_phy
2026-01-28 09:39:01,406 [INFO] IPUIPlugin:80 - create IPUIPlugin
2026-01-28 09:39:01,406 [INFO] PluginManager:220 - loadIPPluginJar : add dfsdm
2026-01-28 09:39:01,411 [INFO] IPUIPlugin:80 - create IPUIPlugin
2026-01-28 09:39:01,411 [INFO] PluginManager:220 - loadIPPluginJar : add dma
2026-01-28 09:39:01,413 [INFO] IPUIPlugin:80 - create IPUIPlugin
2026-01-28 09:39:01,414 [INFO] PluginManager:220 - loadIPPluginJar : add dma3
2026-01-28 09:39:01,416 [INFO] IPUIPlugin:80 - create IPUIPlugin
2026-01-28 09:39:01,417 [INFO] PluginManager:220 - loadIPPluginJar : add extmemmanager
2026-01-28 09:39:01,418 [INFO] IPUIPlugin:80 - create IPUIPlugin
2026-01-28 09:39:01,418 [INFO] PluginManager:220 - loadIPPluginJar : add fatfs
2026-01-28 09:39:01,423 [INFO] IPUIPlugin:80 - create IPUIPlugin
2026-01-28 09:39:01,423 [INFO] PluginManager:220 - loadIPPluginJar : add fmc
2026-01-28 09:39:01,429 [INFO] IPUIPlugin:80 - create IPUIPlugin
2026-01-28 09:39:01,429 [INFO] PluginManager:220 - loadIPPluginJar : add freertos
2026-01-28 09:39:01,430 [INFO] IPUIPlugin:80 - create IPUIPlugin
2026-01-28 09:39:01,431 [INFO] PluginManager:220 - loadIPPluginJar : add genericplugin
2026-01-28 09:39:01,433 [INFO] IPUIPlugin:80 - create IPUIPlugin
2026-01-28 09:39:01,433 [INFO] PluginManager:220 - loadIPPluginJar : add gfxmmu
2026-01-28 09:39:01,437 [INFO] IPUIPlugin:80 - create IPUIPlugin
2026-01-28 09:39:01,438 [INFO] PluginManager:220 - loadIPPluginJar : add gic
2026-01-28 09:39:01,442 [INFO] IPUIPlugin:80 - create IPUIPlugin
2026-01-28 09:39:01,442 [INFO] PluginManager:220 - loadIPPluginJar : add gpio
2026-01-28 09:39:01,444 [INFO] IPUIPlugin:80 - create IPUIPlugin
2026-01-28 09:39:01,444 [INFO] PluginManager:220 - loadIPPluginJar : add gtzc
2026-01-28 09:39:01,447 [INFO] IPUIPlugin:80 - create IPUIPlugin
2026-01-28 09:39:01,447 [INFO] PluginManager:220 - loadIPPluginJar : add hash
2026-01-28 09:39:01,449 [INFO] IPUIPlugin:80 - create IPUIPlugin
2026-01-28 09:39:01,450 [INFO] PluginManager:220 - loadIPPluginJar : add i2c
2026-01-28 09:39:01,453 [INFO] IPUIPlugin:80 - create IPUIPlugin
2026-01-28 09:39:01,453 [INFO] PluginManager:220 - loadIPPluginJar : add i2s
2026-01-28 09:39:01,456 [INFO] IPUIPlugin:80 - create IPUIPlugin
2026-01-28 09:39:01,456 [INFO] PluginManager:220 - loadIPPluginJar : add i3c
2026-01-28 09:39:01,459 [INFO] IPUIPlugin:80 - create IPUIPlugin
2026-01-28 09:39:01,459 [INFO] PluginManager:220 - loadIPPluginJar : add ipddr
2026-01-28 09:39:01,465 [INFO] IPUIPlugin:80 - create IPUIPlugin
2026-01-28 09:39:01,466 [INFO] PluginManager:220 - loadIPPluginJar : add linkedlist
2026-01-28 09:39:01,469 [INFO] IPUIPlugin:80 - create IPUIPlugin
2026-01-28 09:39:01,469 [INFO] PluginManager:220 - loadIPPluginJar : add lorawan
2026-01-28 09:39:01,471 [INFO] IPUIPlugin:80 - create IPUIPlugin
2026-01-28 09:39:01,471 [INFO] PluginManager:220 - loadIPPluginJar : add ltdc
2026-01-28 09:39:01,476 [INFO] IPUIPlugin:80 - create IPUIPlugin
2026-01-28 09:39:01,476 [INFO] PluginManager:220 - loadIPPluginJar : add mdma
2026-01-28 09:39:01,480 [INFO] IPUIPlugin:80 - create IPUIPlugin
2026-01-28 09:39:01,480 [INFO] PluginManager:220 - loadIPPluginJar : add nvic
2026-01-28 09:39:01,482 [INFO] IPUIPlugin:80 - create IPUIPlugin
2026-01-28 09:39:01,483 [INFO] PluginManager:220 - loadIPPluginJar : add opamp
2026-01-28 09:39:01,485 [INFO] IPUIPlugin:80 - create IPUIPlugin
2026-01-28 09:39:01,486 [INFO] PluginManager:220 - loadIPPluginJar : add openamp
2026-01-28 09:39:01,488 [INFO] IPUIPlugin:80 - create IPUIPlugin
2026-01-28 09:39:01,488 [INFO] PluginManager:220 - loadIPPluginJar : add pdm2pcm
2026-01-28 09:39:01,495 [INFO] IPUIPlugin:80 - create IPUIPlugin
2026-01-28 09:39:01,496 [INFO] PluginManager:220 - loadIPPluginJar : add plateformsettings
2026-01-28 09:39:01,498 [INFO] IPUIPlugin:80 - create IPUIPlugin
2026-01-28 09:39:01,498 [INFO] PluginManager:220 - loadIPPluginJar : add quadspi
2026-01-28 09:39:01,500 [INFO] IPUIPlugin:80 - create IPUIPlugin
2026-01-28 09:39:01,501 [INFO] PluginManager:220 - loadIPPluginJar : add radio
2026-01-28 09:39:01,505 [INFO] IPUIPlugin:80 - create IPUIPlugin
2026-01-28 09:39:01,505 [INFO] PluginManager:220 - loadIPPluginJar : add resmgrutility
2026-01-28 09:39:01,508 [INFO] IPUIPlugin:80 - create IPUIPlugin
2026-01-28 09:39:01,508 [INFO] PluginManager:220 - loadIPPluginJar : add sai
2026-01-28 09:39:01,510 [INFO] IPUIPlugin:80 - create IPUIPlugin
2026-01-28 09:39:01,510 [INFO] PluginManager:220 - loadIPPluginJar : add spi
2026-01-28 09:39:01,516 [INFO] IPUIPlugin:80 - create IPUIPlugin
2026-01-28 09:39:01,516 [INFO] PluginManager:220 - loadIPPluginJar : add stm32_wpan
2026-01-28 09:39:01,519 [INFO] IPUIPlugin:80 - create IPUIPlugin
2026-01-28 09:39:01,519 [INFO] PluginManager:220 - loadIPPluginJar : add tim
2026-01-28 09:39:01,522 [INFO] IPUIPlugin:80 - create IPUIPlugin
2026-01-28 09:39:01,522 [INFO] PluginManager:220 - loadIPPluginJar : add touchsensing
2026-01-28 09:39:01,524 [INFO] IPUIPlugin:80 - create IPUIPlugin
2026-01-28 09:39:01,524 [INFO] PluginManager:220 - loadIPPluginJar : add tracer_emb
2026-01-28 09:39:01,526 [INFO] IPUIPlugin:80 - create IPUIPlugin
2026-01-28 09:39:01,526 [INFO] PluginManager:220 - loadIPPluginJar : add ts
2026-01-28 09:39:01,528 [INFO] IPUIPlugin:80 - create IPUIPlugin
2026-01-28 09:39:01,528 [INFO] PluginManager:220 - loadIPPluginJar : add tsc
2026-01-28 09:39:01,529 [INFO] IPUIPlugin:80 - create IPUIPlugin
2026-01-28 09:39:01,529 [INFO] PluginManager:220 - loadIPPluginJar : add ucpd
2026-01-28 09:39:01,532 [INFO] IPUIPlugin:80 - create IPUIPlugin
2026-01-28 09:39:01,532 [INFO] PluginManager:220 - loadIPPluginJar : add usart
2026-01-28 09:39:01,535 [INFO] IPUIPlugin:80 - create IPUIPlugin
2026-01-28 09:39:01,535 [INFO] PluginManager:220 - loadIPPluginJar : add usbx
2026-01-28 09:39:01,656 [FATAL] Updater:351 - Updater called before beeing initialized
2026-01-28 09:39:01,698 [INFO] RulesReader:64 - Compatibility file has been processed (302 Rules)
2026-01-28 09:39:01,714 [INFO] RulesReader:64 - Compatibility file has been processed (302 Rules)
2026-01-28 09:39:01,727 [INFO] CADModel:165 - CPN selected for project level
2026-01-28 09:39:01,727 [INFO] CADModel:114 - Register for checkConnection events
2026-01-28 09:39:01,727 [FATAL] Updater:351 - Updater called before beeing initialized
2026-01-28 09:39:01,727 [ERROR] CADModel:125 - Updater not yet initialized, retry later 
2026-01-28 09:39:01,912 [FATAL] Updater:351 - Updater called before beeing initialized
2026-01-28 09:39:01,914 [INFO] CADModel:165 - CPN selected for project level
2026-01-28 09:39:01,915 [INFO] CADModel:114 - Register for checkConnection events
2026-01-28 09:39:01,915 [FATAL] Updater:351 - Updater called before beeing initialized
2026-01-28 09:39:01,915 [ERROR] CADModel:125 - Updater not yet initialized, retry later 
2026-01-28 09:39:01,919 [FATAL] Updater:351 - Updater called before beeing initialized
2026-01-28 09:39:02,033 [FATAL] Updater:351 - Updater called before beeing initialized
2026-01-28 09:39:02,037 [INFO] DbMcusAds:53 - JSON generation date=Thu Jan 08 10:57:51 EST 2026 (1767887871456)
2026-01-28 09:39:02,037 [FATAL] Updater:351 - Updater called before beeing initialized
2026-01-28 09:39:02,078 [WARN] DetailPanel:346 - Failed to get advertising image, set to default
2026-01-28 09:39:02,299 [FATAL] Updater:351 - Updater called before beeing initialized
2026-01-28 09:39:02,303 [FATAL] Updater:351 - Updater called before beeing initialized
2026-01-28 09:39:02,303 [FATAL] Updater:351 - Updater called before beeing initialized
2026-01-28 09:39:02,304 [WARN] DetailPanel:346 - Failed to get advertising image, set to default
2026-01-28 09:39:02,304 [FATAL] Updater:351 - Updater called before beeing initialized
2026-01-28 09:39:02,346 [ERROR] Updater:1198 - MainUpdater not yet initialized. External WinMGr cannot be set.
2026-01-28 09:39:02,348 [INFO] Updater:1134 - Updater Version found : 6.14.1
2026-01-28 09:39:02,367 [INFO] ApplicationProperties:184 - Using Application install path: C:\Applications\STM32CubeIDE\STM32CubeIDE_1.18.1\STM32CubeIDE\plugins\com.st.stm32cube.common.mx_6.14.1.202504091515
2026-01-28 09:39:02,774 [INFO] MainUpdater:2872 - connection check result : 10
2026-01-28 09:39:02,774 [INFO] MainUpdater:289 - Updater Check For Update Now.
2026-01-28 09:39:02,774 [INFO] MicroXplorer:498 - Change Database Version : DB.6.0.141
2026-01-28 09:39:02,795 [INFO] McuFinderGlobals:63 - Set McuFinder mode to 2 (CubeIDE integrated)
2026-01-28 09:39:02,796 [INFO] UserAuth:484 - Internet connection configuration mode: 1
2026-01-28 09:39:02,849 [INFO] JxBrowserEngine:152 - Initiate JxBrowser Engine with user profile folder
2026-01-28 09:39:02,988 [INFO] CheckServerUpdateThread:120 - End of CheckServer Thread
2026-01-28 09:39:04,049 [WARN] PackLoader:240 - Cannot read IP mode file for STMicroelectronics.FP-SNS-MOTENVWB1.1.4.0
2026-01-28 09:39:04,062 [WARN] PackLoader:240 - Cannot read IP mode file for STMicroelectronics.FP-ATR-ASTRA1.2.0.2
2026-01-28 09:39:04,070 [WARN] PackLoader:240 - Cannot read IP mode file for STMicroelectronics.X-CUBE-SMBUS.2.1.0
2026-01-28 09:39:04,097 [WARN] PackLoader:240 - Cannot read IP mode file for STMicroelectronics.X-CUBE-AZRTOS-F7.1.1.0
2026-01-28 09:39:04,141 [WARN] PackLoader:240 - Cannot read IP mode file for STMicroelectronics.X-CUBE-MEMS1.11.0.0
2026-01-28 09:39:04,248 [ERROR] Engine:466 - C:\Users\Sjiax\.stm32cubemx\thirdparties\pdsc\STMicroelectronics.FP-SNS-MOTENV1.5.1.0.pdsc: PDSC version is not supported
2026-01-28 09:39:04,252 [WARN] PackLoader:240 - Cannot read IP mode file for STMicroelectronics.FP-SNS-FLIGHT1.5.0.2
2026-01-28 09:39:04,265 [WARN] PackLoader:240 - Cannot read IP mode file for STMicroelectronics.X-CUBE-AZRTOS-H7.3.4.0
2026-01-28 09:39:04,275 [WARN] PackLoader:240 - Cannot read IP mode file for STMicroelectronics.X-CUBE-DISPLAY.3.0.0
2026-01-28 09:39:04,282 [WARN] PackLoader:240 - Cannot read IP mode file for STMicroelectronics.X-CUBE-BLE1.7.0.0
2026-01-28 09:39:04,286 [WARN] PackLoader:240 - Cannot read IP mode file for STMicroelectronics.X-CUBE-NFC10.1.0.0
2026-01-28 09:39:04,294 [WARN] PackLoader:240 - Cannot read IP mode file for STMicroelectronics.X-CUBE-BLEMGR.4.0.0
2026-01-28 09:39:04,299 [WARN] PackLoader:240 - Cannot read IP mode file for STMicroelectronics.X-CUBE-ST60.1.1.0
2026-01-28 09:39:04,303 [WARN] PackLoader:240 - Cannot read IP mode file for emotas.I-CUBE-CANOPEN.1.3.0
2026-01-28 09:39:04,308 [WARN] PackLoader:240 - Cannot read IP mode file for STMicroelectronics.X-CUBE-GNSS1.7.1.0
2026-01-28 09:39:04,312 [WARN] ConditionMgr:438 - getConditionDescription Invalid condition id : Cortex-A Device cause : null
2026-01-28 09:39:04,327 [WARN] ConditionMgr:1044 - genDependencies : Invalid condition id : Cortex-A Device cause : null
2026-01-28 09:39:04,327 [WARN] ConditionMgr:1044 - genDependencies : Invalid condition id : Cortex-A Device cause : null
2026-01-28 09:39:04,327 [WARN] ConditionMgr:1044 - genDependencies : Invalid condition id : Cortex-A Device cause : null
2026-01-28 09:39:04,332 [WARN] PackLoader:240 - Cannot read IP mode file for STMicroelectronics.X-CUBE-BLEMGR.3.1.0
2026-01-28 09:39:04,336 [WARN] PackLoader:240 - Cannot read IP mode file for STMicroelectronics.X-CUBE-AI.10.0.0
2026-01-28 09:39:04,340 [ERROR] Engine:466 - C:\Users\Sjiax\.stm32cubemx\thirdparties\pdsc\STMicroelectronics.FP-SNS-STBOX1.2.1.0.pdsc: PDSC version is not supported
2026-01-28 09:39:04,343 [WARN] PackLoader:240 - Cannot read IP mode file for STMicroelectronics.FP-SNS-SMARTAG2.1.2.0
2026-01-28 09:39:04,346 [WARN] PackLoader:240 - Cannot read IP mode file for STMicroelectronics.FP-SNS-FLIGHT1.5.1.0
2026-01-28 09:39:04,353 [INFO] LogOutputStream:77 - [STDOUT_REDIRECT] 1 : Invalid condition id : UX_CORESTACK_Condition cause : null
2026-01-28 09:39:04,354 [INFO] LogOutputStream:77 - [STDOUT_REDIRECT] 1 : Invalid condition id : UX_CORESTACK_Condition cause : null
2026-01-28 09:39:04,355 [INFO] LogOutputStream:77 - [STDOUT_REDIRECT] 1 : Invalid condition id : UX_CORESTACK_Condition cause : null
2026-01-28 09:39:04,358 [INFO] LogOutputStream:77 - [STDOUT_REDIRECT] 1 : Invalid condition id : UX_CORESTACK_Condition cause : null
2026-01-28 09:39:04,359 [INFO] LogOutputStream:77 - [STDOUT_REDIRECT] 1 : Invalid condition id : UX_CORESTACK_Condition cause : null
2026-01-28 09:39:04,361 [WARN] PackLoader:240 - Cannot read IP mode file for STMicroelectronics.X-CUBE-AZRTOS-WL.2.0.0
2026-01-28 09:39:04,366 [WARN] PackLoader:240 - Cannot read IP mode file for STMicroelectronics.FP-SNS-MOTENV1.5.0.0
2026-01-28 09:39:04,391 [WARN] PackLoader:240 - Cannot read IP mode file for STMicroelectronics.X-CUBE-AZRTOS-H7RS.1.2.0
2026-01-28 09:39:04,406 [WARN] PackLoader:240 - Cannot read IP mode file for wolfSSL.I-CUBE-wolfMQTT.1.19.0
2026-01-28 09:39:04,426 [WARN] PackLoader:240 - Cannot read IP mode file for WES.I-CUBE-Cesium.1.3.0
2026-01-28 09:39:04,453 [WARN] PackLoader:240 - Cannot read IP mode file for STMicroelectronics.X-CUBE-BLE2.3.3.0
2026-01-28 09:39:04,472 [WARN] PackLoader:240 - Cannot read IP mode file for STMicroelectronics.X-CUBE-NFC9.1.0.0
2026-01-28 09:39:04,479 [WARN] PackLoader:240 - Cannot read IP mode file for STMicroelectronics.X-CUBE-BLE1.7.1.0
2026-01-28 09:39:04,487 [WARN] PackLoader:240 - Cannot read IP mode file for STMicroelectronics.X-CUBE-TCPP.4.1.0
2026-01-28 09:39:04,491 [ERROR] Engine:466 - C:\Users\Sjiax\.stm32cubemx\thirdparties\pdsc\STMicroelectronics.X-CUBE-FREERTOS.1.4.0.pdsc: PDSC version is not supported
2026-01-28 09:39:04,496 [WARN] PackLoader:240 - Cannot read IP mode file for STMicroelectronics.X-CUBE-EEPRMA1.5.2.0
2026-01-28 09:39:04,499 [ERROR] Engine:466 - C:\Users\Sjiax\.stm32cubemx\thirdparties\pdsc\STMicroelectronics.X-CUBE-ST67W61.1.1.0.pdsc: PDSC version is not supported
2026-01-28 09:39:04,526 [WARN] PackLoader:240 - Cannot read IP mode file for STMicroelectronics.X-CUBE-MEMS1.12.0.0
2026-01-28 09:39:04,596 [WARN] PackLoader:240 - Cannot read IP mode file for STMicroelectronics.X-CUBE-MEMS1.11.2.0
2026-01-28 09:39:04,668 [WARN] PackLoader:240 - Cannot read IP mode file for STMicroelectronics.X-CUBE-AZRTOS-G0.1.1.0
2026-01-28 09:39:04,673 [WARN] PackLoader:240 - Cannot read IP mode file for STMicroelectronics.X-CUBE-SAFEA1.1.2.2
2026-01-28 09:39:04,677 [WARN] PackLoader:240 - Cannot read IP mode file for STMicroelectronics.X-CUBE-NFC4.3.0.0
2026-01-28 09:39:04,687 [WARN] PackLoader:240 - Cannot read IP mode file for EmbeddedOffice.I-CUBE-FS-RTOS.1.0.1
2026-01-28 09:39:04,695 [WARN] PackLoader:240 - Cannot read IP mode file for STMicroelectronics.X-CUBE-WB05N.2.0.0
2026-01-28 09:39:04,703 [WARN] PackLoader:240 - Cannot read IP mode file for STMicroelectronics.X-CUBE-TCPP.4.2.0
2026-01-28 09:39:04,713 [WARN] PackLoader:240 - Cannot read IP mode file for RealThread.X-CUBE-RT-Thread_Nano.4.1.1
2026-01-28 09:39:04,717 [WARN] PackLoader:240 - Cannot read IP mode file for wolfSSL.I-CUBE-wolfSSL.5.7.0
2026-01-28 09:39:04,722 [WARN] PackLoader:240 - Cannot read IP mode file for STMicroelectronics.FP-ATR-SIGFOX1.3.2.0
2026-01-28 09:39:04,728 [WARN] PackLoader:240 - Cannot read IP mode file for STMicroelectronics.X-CUBE-EEPRMA1.5.1.0
2026-01-28 09:39:04,736 [WARN] PackLoader:240 - Cannot read IP mode file for ITTIA_DB.I-CUBE-ITTIADB.8.9.0
2026-01-28 09:39:04,745 [WARN] PackLoader:240 - Cannot read IP mode file for STMicroelectronics.X-CUBE-NFC6.3.2.0
2026-01-28 09:39:04,751 [WARN] PackLoader:240 - Cannot read IP mode file for STMicroelectronics.X-CUBE-AI.10.2.0
2026-01-28 09:39:04,798 [WARN] PackLoader:240 - Cannot read IP mode file for SEGGER.I-CUBE-embOS.1.3.1
2026-01-28 09:39:04,834 [WARN] PackLoader:240 - Cannot read IP mode file for STMicroelectronics.X-CUBE-ALGOBUILD.1.4.0
2026-01-28 09:39:04,839 [WARN] PackLoader:240 - Cannot read IP mode file for STMicroelectronics.X-CUBE-PM33A1.1.0.0
2026-01-28 09:39:04,856 [WARN] PackLoader:240 - Cannot read IP mode file for STMicroelectronics.X-CUBE-GNSS1.6.0.0
2026-01-28 09:39:04,874 [WARN] PackLoader:240 - Cannot read IP mode file for STMicroelectronics.X-CUBE-AZRTOS-F4.1.1.0
2026-01-28 09:39:04,880 [WARN] PackLoader:240 - Cannot read IP mode file for Avnet-IotConnect.X-CUBE-IoTC-DA16k-PMOD.1.0.0
2026-01-28 09:39:04,885 [WARN] PackLoader:240 - Cannot read IP mode file for STMicroelectronics.X-CUBE-ISPU.2.1.0
2026-01-28 09:39:04,891 [ERROR] Engine:466 - C:\Users\Sjiax\.stm32cubemx\thirdparties\pdsc\STMicroelectronics.X-CUBE-IPS.3.2.0.pdsc: PDSC version is not supported
2026-01-28 09:39:04,895 [WARN] PackLoader:240 - Cannot read IP mode file for STMicroelectronics.X-CUBE-FREERTOS.1.2.0
2026-01-28 09:39:04,901 [WARN] PackLoader:240 - Cannot read IP mode file for STMicroelectronics.X-CUBE-NFC12.1.0.0
2026-01-28 09:39:04,915 [WARN] PackLoader:240 - Cannot read IP mode file for STMicroelectronics.X-CUBE-AZRTOS-L5.2.0.0
2026-01-28 09:39:04,921 [WARN] PackLoader:240 - Cannot read IP mode file for STMicroelectronics.X-CUBE-NFC6.3.1.0
2026-01-28 09:39:04,927 [WARN] PackLoader:240 - Cannot read IP mode file for STMicroelectronics.X-CUBE-DPower.1.2.0
2026-01-28 09:39:04,931 [WARN] PackLoader:240 - Cannot read IP mode file for STMicroelectronics.X-CUBE-AI.9.0.0
2026-01-28 09:39:04,934 [WARN] PackLoader:240 - Cannot read IP mode file for STMicroelectronics.X-CUBE-FREERTOS.1.3.0
2026-01-28 09:39:04,938 [WARN] PackLoader:240 - Cannot read IP mode file for STMicroelectronics.X-CUBE-NFC7.1.0.1
2026-01-28 09:39:04,942 [WARN] PackLoader:240 - Cannot read IP mode file for wolfSSL.I-CUBE-wolfTPM.3.2.0
2026-01-28 09:39:04,949 [WARN] PackLoader:240 - Cannot read IP mode file for STMicroelectronics.X-CUBE-TOUCHGFX.4.26.0
2026-01-28 09:39:04,952 [WARN] PackLoader:240 - Cannot read IP mode file for STMicroelectronics.FP-SNS-STAIOTCFT.1.0.0
2026-01-28 09:39:04,957 [WARN] PackLoader:240 - Cannot read IP mode file for STMicroelectronics.X-CUBE-DPower.1.3.0
2026-01-28 09:39:04,977 [WARN] ConditionMgr:438 - getConditionDescription Invalid condition id : LAN8742 Phy interface Condition cause : null
2026-01-28 09:39:04,977 [WARN] PackLoader:240 - Cannot read IP mode file for STMicroelectronics.X-CUBE-AZRTOS-L4.2.0.0
2026-01-28 09:39:04,978 [WARN] ConditionMgr:1044 - genDependencies : Invalid condition id : LAN8742 Phy interface Condition cause : null
2026-01-28 09:39:04,978 [WARN] ConditionMgr:1044 - genDependencies : Invalid condition id : LAN8742 Phy interface Condition cause : null
2026-01-28 09:39:04,978 [WARN] ConditionMgr:1044 - genDependencies : Invalid condition id : LAN8742 Phy interface Condition cause : null
2026-01-28 09:39:04,984 [WARN] PackLoader:240 - Cannot read IP mode file for STMicroelectronics.X-CUBE-SFXS2LP1.4.0.0
2026-01-28 09:39:04,987 [ERROR] Engine:466 - C:\Users\Sjiax\.stm32cubemx\thirdparties\pdsc\STMicroelectronics.X-CUBE-ST67W61.1.2.0.pdsc: PDSC version is not supported
2026-01-28 09:39:04,996 [WARN] PackLoader:240 - Cannot read IP mode file for STMicroelectronics.X-CUBE-AZRTOS-H7.3.3.0
2026-01-28 09:39:05,005 [WARN] PackLoader:240 - Cannot read IP mode file for STMicroelectronics.X-CUBE-BLEMGR.4.1.0
2026-01-28 09:39:05,014 [WARN] ConditionMgr:438 - getConditionDescription Invalid condition id : UX DEVICE CLASS RTOS Condition cause : null
2026-01-28 09:39:05,014 [WARN] ConditionMgr:438 - getConditionDescription Invalid condition id : UX DEVICE CLASS RTOS Condition cause : null
2026-01-28 09:39:05,015 [WARN] PackLoader:240 - Cannot read IP mode file for STMicroelectronics.X-CUBE-AZRTOS-WB.2.0.0
2026-01-28 09:39:05,015 [WARN] ConditionMgr:1044 - genDependencies : Invalid condition id : UX DEVICE CLASS RTOS Condition cause : null
2026-01-28 09:39:05,016 [WARN] ConditionMgr:1044 - genDependencies : Invalid condition id : UX DEVICE CLASS RTOS Condition cause : null
2026-01-28 09:39:05,016 [WARN] ConditionMgr:1044 - genDependencies : Invalid condition id : UX DEVICE CLASS RTOS Condition cause : null
2026-01-28 09:39:05,016 [WARN] ConditionMgr:1044 - genDependencies : Invalid condition id : UX DEVICE CLASS RTOS Condition cause : null
2026-01-28 09:39:05,016 [WARN] ConditionMgr:1044 - genDependencies : Invalid condition id : UX DEVICE CLASS RTOS Condition cause : null
2026-01-28 09:39:05,020 [WARN] PackLoader:240 - Cannot read IP mode file for STMicroelectronics.X-CUBE-GNSS1.7.0.0
2026-01-28 09:39:05,024 [WARN] PackLoader:240 - Cannot read IP mode file for STMicroelectronics.X-CUBE-GNSS1.7.0.1
2026-01-28 09:39:05,027 [WARN] PackLoader:240 - Cannot read IP mode file for STMicroelectronics.X-CUBE-TOUCHGFX.4.25.0
2026-01-28 09:39:05,033 [WARN] PackLoader:240 - Cannot read IP mode file for STMicroelectronics.FP-SNS-STBOX1.2.0.0
2026-01-28 09:39:05,041 [WARN] PackLoader:240 - Cannot read IP mode file for STMicroelectronics.X-CUBE-STSE01.2.0.0
2026-01-28 09:39:05,049 [WARN] PackLoader:240 - Cannot read IP mode file for STMicroelectronics.X-CUBE-SUBG2.5.0.0
2026-01-28 09:39:05,063 [WARN] PackLoader:240 - Cannot read IP mode file for STMicroelectronics.X-CUBE-AZRTOS-H7RS.1.1.0
2026-01-28 09:39:05,068 [WARN] PackLoader:240 - Cannot read IP mode file for Cesanta.I-CUBE-Mongoose.7.13.0
2026-01-28 09:39:05,079 [WARN] PackLoader:240 - Cannot read IP mode file for STMicroelectronics.X-CUBE-AZRTOS-G4.2.0.0
2026-01-28 09:39:05,084 [WARN] PackLoader:240 - Cannot read IP mode file for STMicroelectronics.X-CUBE-NFC7.2.0.0
2026-01-28 09:39:05,087 [WARN] PackLoader:240 - Cannot read IP mode file for STMicroelectronics.X-CUBE-ISPU.2.0.0
2026-01-28 09:39:05,098 [WARN] PackLoader:240 - Cannot read IP mode file for STMicroelectronics.X-CUBE-IPS.3.1.0
2026-01-28 09:39:05,107 [WARN] PackLoader:240 - Cannot read IP mode file for STMicroelectronics.X-CUBE-ALS.1.0.2
2026-01-28 09:39:05,129 [WARN] PackLoader:240 - Cannot read IP mode file for STMicroelectronics.X-CUBE-MEMS1.10.0.0
2026-01-28 09:39:05,209 [WARN] PackLoader:240 - Cannot read IP mode file for STMicroelectronics.X-CUBE-TOUCHGFX.4.24.0
2026-01-28 09:39:05,213 [WARN] PackLoader:240 - Cannot read IP mode file for STMicroelectronics.X-CUBE-STSE01.1.0.0
2026-01-28 09:39:05,219 [WARN] PackLoader:240 - Cannot read IP mode file for portGmbH.I-Cube-SoM-uGOAL.1.1.0
2026-01-28 09:39:05,229 [WARN] PackLoader:240 - Cannot read IP mode file for STMicroelectronics.X-CUBE-AZRTOS-H7RS.1.0.0
2026-01-28 09:39:05,233 [WARN] PackLoader:240 - Cannot read IP mode file for STMicroelectronics.FP-ATR-ASTRA1.2.0.0
2026-01-28 09:39:05,239 [WARN] PackLoader:240 - Cannot read IP mode file for STMicroelectronics.X-CUBE-TOF1.3.4.2
2026-01-28 09:39:05,251 [WARN] PackLoader:240 - Cannot read IP mode file for STMicroelectronics.X-CUBE-TOF1.3.4.3
2026-01-28 09:39:05,264 [WARN] PackLoader:240 - Cannot read IP mode file for STMicroelectronics.X-CUBE-TOF1.3.4.1
2026-01-28 09:39:05,280 [WARN] PackLoader:240 - Cannot read IP mode file for STMicroelectronics.X-CUBE-AZRTOS-H7.3.2.0
2026-01-28 09:39:05,291 [WARN] PackLoader:240 - Cannot read IP mode file for Infineon.AIROC-Wi-Fi-Bluetooth-STM32.1.6.0
2026-01-28 09:39:05,297 [WARN] PackLoader:240 - Cannot read IP mode file for wolfSSL.I-CUBE-wolfSSH.1.4.17
2026-01-28 09:39:05,298 [INFO] ThirdParty:978 - Integrity check success = true
2026-01-28 09:39:05,298 [INFO] IntegrityCheckThread:100 - exiting critical section [integrity check]
2026-01-28 09:39:05,298 [INFO] IntegrityCheckThread:103 - End integrity checks thread
2026-01-28 09:39:05,774 [INFO] WebApp:169 - Instantiating new browser for Auth
2026-01-28 09:39:06,704 [INFO] WebApp:463 - Apply proxy settings
2026-01-28 09:39:06,704 [INFO] WebApp:548 - Chromium requires no authentication
2026-01-28 09:39:06,715 [INFO] WebApp:491 - Direct internet connection detected
2026-01-28 09:39:06,744 [INFO] WebApp:894 - Register for checkConnection events
2026-01-28 09:39:06,745 [INFO] WebApp:463 - Apply proxy settings
2026-01-28 09:39:06,745 [INFO] WebApp:548 - Chromium requires no authentication
2026-01-28 09:39:06,745 [INFO] WebApp:491 - Direct internet connection detected
2026-01-28 09:39:06,958 [INFO] WebApp:191 - Connection restablished
2026-01-28 09:39:07,038 [INFO] WebApp:225 - Starting web application
2026-01-28 09:39:07,038 [INFO] WebApp:593 - Web application path used C:\Applications\STM32CubeIDE\STM32CubeIDE_1.18.1\STM32CubeIDE\plugins\com.st.stm32cube.common.mx_6.14.1.202504091515\db\plugins\mcufinder\reactClient1\index.html
2026-01-28 09:39:07,526 [INFO] UserAuth:484 - Internet connection configuration mode: 1
2026-01-28 10:26:41,759 [ERROR] LogOutputStream:75 - [STDERR_REDIRECT] 
