2026-01-22 15:52:44,519 [INFO] Activator:176 - 


2026-01-22 15:52:44,524 [INFO] Activator:177 - !SESSION log4j initialized
2026-01-22 15:52:49,980 [INFO] LogOutputStream:77 - [STDOUT_REDIRECT] 
2026-01-22 15:52:50,993 [INFO] ApplicationProperties:184 - Using Application install path: C:\Applications\STM32CubeIDE\STM32CubeIDE_1.18.1\STM32CubeIDE\plugins\com.st.stm32cube.common.mx_6.14.1.202504091515
2026-01-22 15:52:51,010 [INFO] DbMcusXml:78 - Set database path to: C:\Applications\STM32CubeIDE\STM32CubeIDE_1.18.1\STM32CubeIDE\plugins\com.st.stm32cube.common.mx_6.14.1.202504091515\\db\/mcu/
2026-01-22 15:52:51,010 [INFO] ApiDb:274 - Set plugin database path to: C:\Applications\STM32CubeIDE\STM32CubeIDE_1.18.1\STM32CubeIDE\plugins\com.st.stm32cube.common.mx_6.14.1.202504091515\\db\/plugins/boardmanager/
2026-01-22 15:52:51,011 [WARN] ApiDb:259 - Overriding images path with different value:  => C:\Applications\STM32CubeIDE\STM32CubeIDE_1.18.1\STM32CubeIDE\plugins\com.st.stm32cube.common.mx_6.14.1.202504091515\\db\/plugins/mcufinder/images/
2026-01-22 15:52:51,021 [INFO] ApiDb:250 - Set database path to: C:\Users\Sjiax\.stmcufinder\plugins\mcufinder//mcu/
2026-01-22 15:52:51,022 [INFO] DbMcusAds:125 - Set database path to: C:\Users\Sjiax\.stmcufinder\plugins\mcufinder//mcu/
2026-01-22 15:52:51,024 [INFO] CrossReferenceDbSqlite:203 - Set database path to: C:\Users\Sjiax\.stmcufinder\plugins\mcufinder//mcu/cs/
2026-01-22 15:52:51,150 [INFO] RulesReader:64 - Compatibility file has been processed (302 Rules)
2026-01-22 15:52:51,237 [INFO] DbMcusXml:78 - Set database path to: C:\Applications\STM32CubeIDE\STM32CubeIDE_1.18.1\STM32CubeIDE\plugins\com.st.stm32cube.common.mx_6.14.1.202504091515\\db\/mcu/
2026-01-22 15:52:51,237 [INFO] ApiDb:274 - Set plugin database path to: C:\Applications\STM32CubeIDE\STM32CubeIDE_1.18.1\STM32CubeIDE\plugins\com.st.stm32cube.common.mx_6.14.1.202504091515\\db\/plugins/boardmanager/
2026-01-22 15:52:51,237 [INFO] ApiDb:261 - Set plugin images path to: C:\Applications\STM32CubeIDE\STM32CubeIDE_1.18.1\STM32CubeIDE\plugins\com.st.stm32cube.common.mx_6.14.1.202504091515\\db\/plugins/mcufinder/images/
2026-01-22 15:52:51,238 [WARN] DbFile:41 - Overriding database path with different value: C:\Users\Sjiax\.stmcufinder\plugins\mcufinder/ => C:\Users\Sjiax\.stmcufinder\plugins\mcufinder
2026-01-22 15:52:51,238 [INFO] ApiDb:250 - Set database path to: C:\Users\Sjiax\.stmcufinder\plugins\mcufinder//mcu/
2026-01-22 15:52:51,238 [WARN] DbFile:41 - Overriding database path with different value: C:\Users\Sjiax\.stmcufinder\plugins\mcufinder/ => C:\Users\Sjiax\.stmcufinder\plugins\mcufinder
2026-01-22 15:52:51,238 [INFO] DbMcusAds:125 - Set database path to: C:\Users\Sjiax\.stmcufinder\plugins\mcufinder//mcu/
2026-01-22 15:52:51,238 [WARN] DbFile:41 - Overriding database path with different value: C:\Users\Sjiax\.stmcufinder\plugins\mcufinder/ => C:\Users\Sjiax\.stmcufinder\plugins\mcufinder
2026-01-22 15:52:51,238 [WARN] DbFile:41 - Overriding database path with different value: C:\Users\Sjiax\.stmcufinder\plugins\mcufinder/ => C:\Users\Sjiax\.stmcufinder\plugins\mcufinder
2026-01-22 15:52:51,238 [INFO] CrossReferenceDbSqlite:203 - Set database path to: C:\Users\Sjiax\.stmcufinder\plugins\mcufinder//mcu/cs/
2026-01-22 15:52:51,316 [INFO] MainPanel:272 - HeapMemory: 268435456
2026-01-22 15:52:51,475 [INFO] DbMcusXml:78 - Set database path to: C:\Applications\STM32CubeIDE\STM32CubeIDE_1.18.1\STM32CubeIDE\plugins\com.st.stm32cube.common.mx_6.14.1.202504091515\\db\/mcu/
2026-01-22 15:52:51,475 [INFO] ApiDb:274 - Set plugin database path to: C:\Applications\STM32CubeIDE\STM32CubeIDE_1.18.1\STM32CubeIDE\plugins\com.st.stm32cube.common.mx_6.14.1.202504091515\\db\/plugins/boardmanager/
2026-01-22 15:52:51,475 [INFO] ApiDb:261 - Set plugin images path to: C:\Applications\STM32CubeIDE\STM32CubeIDE_1.18.1\STM32CubeIDE\plugins\com.st.stm32cube.common.mx_6.14.1.202504091515\\db\/plugins/mcufinder/images/
2026-01-22 15:52:51,476 [WARN] DbFile:41 - Overriding database path with different value: C:\Users\Sjiax\.stmcufinder\plugins\mcufinder/ => C:\Users\Sjiax\.stmcufinder\plugins\mcufinder
2026-01-22 15:52:51,476 [INFO] ApiDb:250 - Set database path to: C:\Users\Sjiax\.stmcufinder\plugins\mcufinder//mcu/
2026-01-22 15:52:51,476 [WARN] DbFile:41 - Overriding database path with different value: C:\Users\Sjiax\.stmcufinder\plugins\mcufinder/ => C:\Users\Sjiax\.stmcufinder\plugins\mcufinder
2026-01-22 15:52:51,476 [INFO] DbMcusAds:125 - Set database path to: C:\Users\Sjiax\.stmcufinder\plugins\mcufinder//mcu/
2026-01-22 15:52:51,476 [WARN] DbFile:41 - Overriding database path with different value: C:\Users\Sjiax\.stmcufinder\plugins\mcufinder/ => C:\Users\Sjiax\.stmcufinder\plugins\mcufinder
2026-01-22 15:52:51,476 [WARN] DbFile:41 - Overriding database path with different value: C:\Users\Sjiax\.stmcufinder\plugins\mcufinder/ => C:\Users\Sjiax\.stmcufinder\plugins\mcufinder
2026-01-22 15:52:51,476 [INFO] CrossReferenceDbSqlite:203 - Set database path to: C:\Users\Sjiax\.stmcufinder\plugins\mcufinder//mcu/cs/
2026-01-22 15:52:51,496 [INFO] ApplicationProperties:184 - Using Application install path: C:\Applications\STM32CubeIDE\STM32CubeIDE_1.18.1\STM32CubeIDE\plugins\com.st.stm32cube.common.mx_6.14.1.202504091515
2026-01-22 15:52:51,498 [INFO] PluginManage:196 - Search for loadable plugins [exclusion list=, ]
2026-01-22 15:52:51,499 [INFO] PluginManage:310 - Check plugin analytics
2026-01-22 15:52:51,730 [INFO] AnalyticsPlugin:253 - Accepted Software Licenses: STM32CubeMX.6.16.0
2026-01-22 15:52:51,730 [INFO] AnalyticsPlugin:255 - Accepted CMSIS Pack Licenses: 
2026-01-22 15:52:51,730 [INFO] AnalyticsPlugin:257 - Accepted Firmware Licenses: FW.L4.1.18.0
2026-01-22 15:52:51,734 [INFO] PluginManage:359 - Loaded plugin analytics (category:tool,tabindex:-1)
2026-01-22 15:52:51,735 [INFO] PluginManage:310 - Check plugin cadmodel
2026-01-22 15:52:51,740 [INFO] CADModel:105 - Init CAD model plugin
2026-01-22 15:52:51,741 [INFO] PluginManage:359 - Loaded plugin cadmodel (category:power,tabindex:5)
2026-01-22 15:52:51,741 [INFO] PluginManage:310 - Check plugin clock
2026-01-22 15:52:51,752 [INFO] PluginManage:359 - Loaded plugin clock (category:base,tabindex:2)
2026-01-22 15:52:51,753 [INFO] PluginManage:310 - Check plugin ddr
2026-01-22 15:52:51,755 [INFO] PluginManage:359 - Loaded plugin ddr (category:tool,tabindex:6)
2026-01-22 15:52:51,756 [INFO] PluginManage:310 - Check plugin filemanager
2026-01-22 15:52:51,914 [INFO] PluginManage:359 - Loaded plugin filemanager (category:base,tabindex:10)
2026-01-22 15:52:51,914 [INFO] PluginManage:310 - Check plugin ipmanager
2026-01-22 15:52:51,922 [INFO] PluginManage:359 - Loaded plugin ipmanager (category:base,tabindex:5)
2026-01-22 15:52:51,922 [INFO] PluginManage:310 - Check plugin lpbam
2026-01-22 15:52:51,930 [INFO] PluginManage:359 - Loaded plugin lpbam (category:base,tabindex:0)
2026-01-22 15:52:51,931 [INFO] PluginManage:310 - Check plugin memorymap
2026-01-22 15:52:51,944 [INFO] PluginManage:359 - Loaded plugin memorymap (category:base,tabindex:4)
2026-01-22 15:52:51,944 [INFO] PluginManage:310 - Check plugin pinoutandconfiguration
2026-01-22 15:52:51,953 [INFO] PluginManage:359 - Loaded plugin pinoutandconfiguration (category:base,tabindex:1)
2026-01-22 15:52:51,953 [INFO] PluginManage:310 - Check plugin pinoutconfig
2026-01-22 15:52:52,048 [WARN] SupportedApi:132 - Cannot load RTOS API schema: s4s-elt-must-match.1: The content of 'definitions' must match (annotation?, (simpleType | complexType)?, (unique | key | keyref)*)). A problem was found starting at: attribute.
2026-01-22 15:52:52,219 [INFO] PluginManage:359 - Loaded plugin pinoutconfig (category:base,tabindex:0)
2026-01-22 15:52:52,219 [INFO] PluginManage:310 - Check plugin power
2026-01-22 15:52:52,229 [INFO] PluginManage:359 - Loaded plugin power (category:power,tabindex:4)
2026-01-22 15:52:52,229 [INFO] PluginManage:310 - Check plugin projectmanager
2026-01-22 15:52:52,245 [INFO] PluginManage:359 - Loaded plugin projectmanager (category:projectmanager,tabindex:4)
2026-01-22 15:52:52,246 [INFO] PluginManage:310 - Check plugin rif
2026-01-22 15:52:52,255 [INFO] PluginManage:359 - Loaded plugin rif (category:base,tabindex:3)
2026-01-22 15:52:52,255 [INFO] PluginManage:310 - Check plugin thirdparty
2026-01-22 15:52:52,431 [INFO] PluginManage:359 - Loaded plugin thirdparty (category:base,tabindex:-1)
2026-01-22 15:52:52,431 [WARN] IntegrityCheckThread:84 - waiting for thirdparty lock release [integrity check]
2026-01-22 15:52:52,432 [INFO] PluginManage:310 - Check plugin tools
2026-01-22 15:52:52,432 [INFO] IntegrityCheckThread:86 - entering critical section [integrity check]
2026-01-22 15:52:52,432 [INFO] ThirdPartyUpdaterWithRetryManager:70 - Updater plugin not ready yet. [1/15]
2026-01-22 15:52:52,434 [INFO] PluginManage:359 - Loaded plugin tools (category:base,tabindex:7)
2026-01-22 15:52:52,435 [INFO] PluginManage:310 - Check plugin tutovideos
2026-01-22 15:52:52,626 [INFO] PluginManage:359 - Loaded plugin tutovideos (category:base,tabindex:-1)
2026-01-22 15:52:52,626 [INFO] PluginManage:310 - Check plugin updater
2026-01-22 15:52:52,651 [INFO] PluginManage:359 - Loaded plugin updater (category:base,tabindex:12)
2026-01-22 15:52:52,651 [INFO] PluginManage:310 - Check plugin userauth
2026-01-22 15:52:52,656 [INFO] UserAuth:118 - Init User Auth plugin
2026-01-22 15:52:52,656 [INFO] PluginManage:359 - Loaded plugin userauth (category:base,tabindex:14)
2026-01-22 15:52:52,657 [INFO] PluginManage:283 - PluginManage : Loaded plugins [18]
2026-01-22 15:52:52,878 [INFO] PinOutPanel:1589 - setPackage(No Configuration,No Configuration)
2026-01-22 15:52:52,982 [INFO] CADModel:165 - CPN selected for project level
2026-01-22 15:52:52,982 [INFO] CADModel:114 - Register for checkConnection events
2026-01-22 15:52:52,999 [INFO] IPUIPlugin:80 - create IPUIPlugin
2026-01-22 15:52:53,000 [INFO] PluginManager:220 - loadIPPluginJar : add adc
2026-01-22 15:52:53,004 [INFO] IPUIPlugin:80 - create IPUIPlugin
2026-01-22 15:52:53,004 [INFO] PluginManager:220 - loadIPPluginJar : add aes
2026-01-22 15:52:53,007 [INFO] IPUIPlugin:80 - create IPUIPlugin
2026-01-22 15:52:53,008 [INFO] PluginManager:220 - loadIPPluginJar : add can
2026-01-22 15:52:53,009 [INFO] IPUIPlugin:80 - create IPUIPlugin
2026-01-22 15:52:53,009 [INFO] PluginManager:220 - loadIPPluginJar : add comp
2026-01-22 15:52:53,011 [INFO] IPUIPlugin:80 - create IPUIPlugin
2026-01-22 15:52:53,011 [INFO] PluginManager:220 - loadIPPluginJar : add cryp
2026-01-22 15:52:53,014 [INFO] IPUIPlugin:80 - create IPUIPlugin
2026-01-22 15:52:53,015 [INFO] PluginManager:220 - loadIPPluginJar : add ddr_ctrl_phy
2026-01-22 15:52:53,017 [INFO] IPUIPlugin:80 - create IPUIPlugin
2026-01-22 15:52:53,017 [INFO] PluginManager:220 - loadIPPluginJar : add dfsdm
2026-01-22 15:52:53,022 [INFO] IPUIPlugin:80 - create IPUIPlugin
2026-01-22 15:52:53,022 [INFO] PluginManager:220 - loadIPPluginJar : add dma
2026-01-22 15:52:53,024 [INFO] IPUIPlugin:80 - create IPUIPlugin
2026-01-22 15:52:53,024 [INFO] PluginManager:220 - loadIPPluginJar : add dma3
2026-01-22 15:52:53,027 [INFO] IPUIPlugin:80 - create IPUIPlugin
2026-01-22 15:52:53,027 [INFO] PluginManager:220 - loadIPPluginJar : add extmemmanager
2026-01-22 15:52:53,029 [INFO] IPUIPlugin:80 - create IPUIPlugin
2026-01-22 15:52:53,029 [INFO] PluginManager:220 - loadIPPluginJar : add fatfs
2026-01-22 15:52:53,034 [INFO] IPUIPlugin:80 - create IPUIPlugin
2026-01-22 15:52:53,034 [INFO] PluginManager:220 - loadIPPluginJar : add fmc
2026-01-22 15:52:53,040 [INFO] IPUIPlugin:80 - create IPUIPlugin
2026-01-22 15:52:53,040 [INFO] PluginManager:220 - loadIPPluginJar : add freertos
2026-01-22 15:52:53,042 [INFO] IPUIPlugin:80 - create IPUIPlugin
2026-01-22 15:52:53,042 [INFO] PluginManager:220 - loadIPPluginJar : add genericplugin
2026-01-22 15:52:53,044 [INFO] IPUIPlugin:80 - create IPUIPlugin
2026-01-22 15:52:53,044 [INFO] PluginManager:220 - loadIPPluginJar : add gfxmmu
2026-01-22 15:52:53,048 [INFO] IPUIPlugin:80 - create IPUIPlugin
2026-01-22 15:52:53,048 [INFO] PluginManager:220 - loadIPPluginJar : add gic
2026-01-22 15:52:53,053 [INFO] IPUIPlugin:80 - create IPUIPlugin
2026-01-22 15:52:53,053 [INFO] PluginManager:220 - loadIPPluginJar : add gpio
2026-01-22 15:52:53,056 [INFO] IPUIPlugin:80 - create IPUIPlugin
2026-01-22 15:52:53,056 [INFO] PluginManager:220 - loadIPPluginJar : add gtzc
2026-01-22 15:52:53,059 [INFO] IPUIPlugin:80 - create IPUIPlugin
2026-01-22 15:52:53,059 [INFO] PluginManager:220 - loadIPPluginJar : add hash
2026-01-22 15:52:53,062 [INFO] IPUIPlugin:80 - create IPUIPlugin
2026-01-22 15:52:53,062 [INFO] PluginManager:220 - loadIPPluginJar : add i2c
2026-01-22 15:52:53,065 [INFO] IPUIPlugin:80 - create IPUIPlugin
2026-01-22 15:52:53,065 [INFO] PluginManager:220 - loadIPPluginJar : add i2s
2026-01-22 15:52:53,071 [INFO] IPUIPlugin:80 - create IPUIPlugin
2026-01-22 15:52:53,071 [INFO] PluginManager:220 - loadIPPluginJar : add i3c
2026-01-22 15:52:53,076 [INFO] IPUIPlugin:80 - create IPUIPlugin
2026-01-22 15:52:53,077 [INFO] PluginManager:220 - loadIPPluginJar : add ipddr
2026-01-22 15:52:53,085 [INFO] IPUIPlugin:80 - create IPUIPlugin
2026-01-22 15:52:53,085 [INFO] PluginManager:220 - loadIPPluginJar : add linkedlist
2026-01-22 15:52:53,090 [INFO] IPUIPlugin:80 - create IPUIPlugin
2026-01-22 15:52:53,090 [INFO] PluginManager:220 - loadIPPluginJar : add lorawan
2026-01-22 15:52:53,092 [INFO] IPUIPlugin:80 - create IPUIPlugin
2026-01-22 15:52:53,092 [INFO] PluginManager:220 - loadIPPluginJar : add ltdc
2026-01-22 15:52:53,098 [INFO] IPUIPlugin:80 - create IPUIPlugin
2026-01-22 15:52:53,098 [INFO] PluginManager:220 - loadIPPluginJar : add mdma
2026-01-22 15:52:53,102 [INFO] IPUIPlugin:80 - create IPUIPlugin
2026-01-22 15:52:53,102 [INFO] PluginManager:220 - loadIPPluginJar : add nvic
2026-01-22 15:52:53,105 [INFO] IPUIPlugin:80 - create IPUIPlugin
2026-01-22 15:52:53,105 [INFO] PluginManager:220 - loadIPPluginJar : add opamp
2026-01-22 15:52:53,109 [INFO] IPUIPlugin:80 - create IPUIPlugin
2026-01-22 15:52:53,109 [INFO] PluginManager:220 - loadIPPluginJar : add openamp
2026-01-22 15:52:53,112 [INFO] IPUIPlugin:80 - create IPUIPlugin
2026-01-22 15:52:53,112 [INFO] PluginManager:220 - loadIPPluginJar : add pdm2pcm
2026-01-22 15:52:53,117 [INFO] IPUIPlugin:80 - create IPUIPlugin
2026-01-22 15:52:53,121 [INFO] PluginManager:220 - loadIPPluginJar : add plateformsettings
2026-01-22 15:52:53,122 [INFO] IPUIPlugin:80 - create IPUIPlugin
2026-01-22 15:52:53,122 [INFO] PluginManager:220 - loadIPPluginJar : add quadspi
2026-01-22 15:52:53,124 [INFO] IPUIPlugin:80 - create IPUIPlugin
2026-01-22 15:52:53,124 [INFO] PluginManager:220 - loadIPPluginJar : add radio
2026-01-22 15:52:53,129 [INFO] IPUIPlugin:80 - create IPUIPlugin
2026-01-22 15:52:53,129 [INFO] PluginManager:220 - loadIPPluginJar : add resmgrutility
2026-01-22 15:52:53,132 [INFO] IPUIPlugin:80 - create IPUIPlugin
2026-01-22 15:52:53,132 [INFO] PluginManager:220 - loadIPPluginJar : add sai
2026-01-22 15:52:53,136 [INFO] IPUIPlugin:80 - create IPUIPlugin
2026-01-22 15:52:53,136 [INFO] PluginManager:220 - loadIPPluginJar : add spi
2026-01-22 15:52:53,144 [INFO] IPUIPlugin:80 - create IPUIPlugin
2026-01-22 15:52:53,144 [INFO] PluginManager:220 - loadIPPluginJar : add stm32_wpan
2026-01-22 15:52:53,146 [INFO] IPUIPlugin:80 - create IPUIPlugin
2026-01-22 15:52:53,146 [INFO] PluginManager:220 - loadIPPluginJar : add tim
2026-01-22 15:52:53,150 [INFO] IPUIPlugin:80 - create IPUIPlugin
2026-01-22 15:52:53,150 [INFO] PluginManager:220 - loadIPPluginJar : add touchsensing
2026-01-22 15:52:53,152 [INFO] IPUIPlugin:80 - create IPUIPlugin
2026-01-22 15:52:53,152 [INFO] PluginManager:220 - loadIPPluginJar : add tracer_emb
2026-01-22 15:52:53,154 [INFO] IPUIPlugin:80 - create IPUIPlugin
2026-01-22 15:52:53,155 [INFO] PluginManager:220 - loadIPPluginJar : add ts
2026-01-22 15:52:53,156 [INFO] IPUIPlugin:80 - create IPUIPlugin
2026-01-22 15:52:53,156 [INFO] PluginManager:220 - loadIPPluginJar : add tsc
2026-01-22 15:52:53,158 [INFO] IPUIPlugin:80 - create IPUIPlugin
2026-01-22 15:52:53,158 [INFO] PluginManager:220 - loadIPPluginJar : add ucpd
2026-01-22 15:52:53,160 [INFO] IPUIPlugin:80 - create IPUIPlugin
2026-01-22 15:52:53,161 [INFO] PluginManager:220 - loadIPPluginJar : add usart
2026-01-22 15:52:53,164 [INFO] IPUIPlugin:80 - create IPUIPlugin
2026-01-22 15:52:53,164 [INFO] PluginManager:220 - loadIPPluginJar : add usbx
2026-01-22 15:52:53,296 [FATAL] Updater:351 - Updater called before beeing initialized
2026-01-22 15:52:53,352 [INFO] RulesReader:64 - Compatibility file has been processed (302 Rules)
2026-01-22 15:52:53,374 [INFO] RulesReader:64 - Compatibility file has been processed (302 Rules)
2026-01-22 15:52:53,412 [INFO] CADModel:165 - CPN selected for project level
2026-01-22 15:52:53,414 [INFO] CADModel:114 - Register for checkConnection events
2026-01-22 15:52:53,414 [FATAL] Updater:351 - Updater called before beeing initialized
2026-01-22 15:52:53,414 [ERROR] CADModel:125 - Updater not yet initialized, retry later 
2026-01-22 15:52:53,602 [FATAL] Updater:351 - Updater called before beeing initialized
2026-01-22 15:52:53,604 [INFO] CADModel:165 - CPN selected for project level
2026-01-22 15:52:53,604 [INFO] CADModel:114 - Register for checkConnection events
2026-01-22 15:52:53,604 [FATAL] Updater:351 - Updater called before beeing initialized
2026-01-22 15:52:53,605 [ERROR] CADModel:125 - Updater not yet initialized, retry later 
2026-01-22 15:52:53,609 [FATAL] Updater:351 - Updater called before beeing initialized
2026-01-22 15:52:53,720 [FATAL] Updater:351 - Updater called before beeing initialized
2026-01-22 15:52:53,724 [INFO] DbMcusAds:53 - JSON generation date=Thu Jan 08 10:56:32 EST 2026 (1767887792457)
2026-01-22 15:52:53,724 [FATAL] Updater:351 - Updater called before beeing initialized
2026-01-22 15:52:53,759 [WARN] DetailPanel:346 - Failed to get advertising image, set to default
2026-01-22 15:52:53,987 [FATAL] Updater:351 - Updater called before beeing initialized
2026-01-22 15:52:53,990 [FATAL] Updater:351 - Updater called before beeing initialized
2026-01-22 15:52:53,990 [FATAL] Updater:351 - Updater called before beeing initialized
2026-01-22 15:52:53,990 [WARN] DetailPanel:346 - Failed to get advertising image, set to default
2026-01-22 15:52:53,992 [FATAL] Updater:351 - Updater called before beeing initialized
2026-01-22 15:52:54,043 [ERROR] Updater:1198 - MainUpdater not yet initialized. External WinMGr cannot be set.
2026-01-22 15:52:54,045 [INFO] Updater:1134 - Updater Version found : 6.14.1
2026-01-22 15:52:54,065 [INFO] ApplicationProperties:184 - Using Application install path: C:\Applications\STM32CubeIDE\STM32CubeIDE_1.18.1\STM32CubeIDE\plugins\com.st.stm32cube.common.mx_6.14.1.202504091515
2026-01-22 15:52:54,463 [INFO] MainUpdater:2872 - connection check result : 10
2026-01-22 15:52:54,463 [INFO] MainUpdater:289 - Updater Check For Update Now.
2026-01-22 15:52:54,463 [INFO] MicroXplorer:498 - Change Database Version : DB.6.0.141
2026-01-22 15:52:54,475 [INFO] McuFinderGlobals:63 - Set McuFinder mode to 2 (CubeIDE integrated)
2026-01-22 15:52:54,477 [INFO] UserAuth:484 - Internet connection configuration mode: 1
2026-01-22 15:52:54,532 [INFO] JxBrowserEngine:152 - Initiate JxBrowser Engine with user profile folder
2026-01-22 15:52:54,687 [INFO] CheckServerUpdateThread:120 - End of CheckServer Thread
2026-01-22 15:52:55,749 [WARN] PackLoader:240 - Cannot read IP mode file for STMicroelectronics.FP-SNS-MOTENVWB1.1.4.0
2026-01-22 15:52:55,759 [WARN] PackLoader:240 - Cannot read IP mode file for STMicroelectronics.FP-ATR-ASTRA1.2.0.2
2026-01-22 15:52:55,767 [WARN] PackLoader:240 - Cannot read IP mode file for STMicroelectronics.X-CUBE-SMBUS.2.1.0
2026-01-22 15:52:55,802 [WARN] PackLoader:240 - Cannot read IP mode file for STMicroelectronics.X-CUBE-AZRTOS-F7.1.1.0
2026-01-22 15:52:55,884 [WARN] PackLoader:240 - Cannot read IP mode file for STMicroelectronics.X-CUBE-MEMS1.11.0.0
2026-01-22 15:52:56,117 [ERROR] Engine:466 - C:\Users\Sjiax\.stm32cubemx\thirdparties\pdsc\STMicroelectronics.FP-SNS-MOTENV1.5.1.0.pdsc: PDSC version is not supported
2026-01-22 15:52:56,123 [WARN] PackLoader:240 - Cannot read IP mode file for STMicroelectronics.FP-SNS-FLIGHT1.5.0.2
2026-01-22 15:52:56,146 [WARN] PackLoader:240 - Cannot read IP mode file for STMicroelectronics.X-CUBE-AZRTOS-H7.3.4.0
2026-01-22 15:52:56,157 [WARN] PackLoader:240 - Cannot read IP mode file for STMicroelectronics.X-CUBE-DISPLAY.3.0.0
2026-01-22 15:52:56,166 [WARN] PackLoader:240 - Cannot read IP mode file for STMicroelectronics.X-CUBE-BLE1.7.0.0
2026-01-22 15:52:56,175 [WARN] PackLoader:240 - Cannot read IP mode file for STMicroelectronics.X-CUBE-NFC10.1.0.0
2026-01-22 15:52:56,183 [WARN] PackLoader:240 - Cannot read IP mode file for STMicroelectronics.X-CUBE-BLEMGR.4.0.0
2026-01-22 15:52:56,190 [WARN] PackLoader:240 - Cannot read IP mode file for STMicroelectronics.X-CUBE-ST60.1.1.0
2026-01-22 15:52:56,196 [WARN] PackLoader:240 - Cannot read IP mode file for emotas.I-CUBE-CANOPEN.1.3.0
2026-01-22 15:52:56,201 [WARN] PackLoader:240 - Cannot read IP mode file for STMicroelectronics.X-CUBE-GNSS1.7.1.0
2026-01-22 15:52:56,206 [WARN] ConditionMgr:438 - getConditionDescription Invalid condition id : Cortex-A Device cause : null
2026-01-22 15:52:56,223 [WARN] ConditionMgr:1044 - genDependencies : Invalid condition id : Cortex-A Device cause : null
2026-01-22 15:52:56,223 [WARN] ConditionMgr:1044 - genDependencies : Invalid condition id : Cortex-A Device cause : null
2026-01-22 15:52:56,223 [WARN] ConditionMgr:1044 - genDependencies : Invalid condition id : Cortex-A Device cause : null
2026-01-22 15:52:56,231 [WARN] PackLoader:240 - Cannot read IP mode file for STMicroelectronics.X-CUBE-BLEMGR.3.1.0
2026-01-22 15:52:56,237 [WARN] PackLoader:240 - Cannot read IP mode file for STMicroelectronics.X-CUBE-AI.10.0.0
2026-01-22 15:52:56,241 [ERROR] Engine:466 - C:\Users\Sjiax\.stm32cubemx\thirdparties\pdsc\STMicroelectronics.FP-SNS-STBOX1.2.1.0.pdsc: PDSC version is not supported
2026-01-22 15:52:56,245 [WARN] PackLoader:240 - Cannot read IP mode file for STMicroelectronics.FP-SNS-SMARTAG2.1.2.0
2026-01-22 15:52:56,249 [WARN] PackLoader:240 - Cannot read IP mode file for STMicroelectronics.FP-SNS-FLIGHT1.5.1.0
2026-01-22 15:52:56,261 [INFO] LogOutputStream:77 - [STDOUT_REDIRECT] 1 : Invalid condition id : UX_CORESTACK_Condition cause : null
2026-01-22 15:52:56,262 [INFO] LogOutputStream:77 - [STDOUT_REDIRECT] 1 : Invalid condition id : UX_CORESTACK_Condition cause : null
2026-01-22 15:52:56,264 [INFO] LogOutputStream:77 - [STDOUT_REDIRECT] 1 : Invalid condition id : UX_CORESTACK_Condition cause : null
2026-01-22 15:52:56,267 [INFO] LogOutputStream:77 - [STDOUT_REDIRECT] 1 : Invalid condition id : UX_CORESTACK_Condition cause : null
2026-01-22 15:52:56,268 [INFO] LogOutputStream:77 - [STDOUT_REDIRECT] 1 : Invalid condition id : UX_CORESTACK_Condition cause : null
2026-01-22 15:52:56,270 [WARN] PackLoader:240 - Cannot read IP mode file for STMicroelectronics.X-CUBE-AZRTOS-WL.2.0.0
2026-01-22 15:52:56,275 [WARN] PackLoader:240 - Cannot read IP mode file for STMicroelectronics.FP-SNS-MOTENV1.5.0.0
2026-01-22 15:52:56,293 [WARN] PackLoader:240 - Cannot read IP mode file for STMicroelectronics.X-CUBE-AZRTOS-H7RS.1.2.0
2026-01-22 15:52:56,299 [WARN] PackLoader:240 - Cannot read IP mode file for wolfSSL.I-CUBE-wolfMQTT.1.19.0
2026-01-22 15:52:56,310 [WARN] PackLoader:240 - Cannot read IP mode file for WES.I-CUBE-Cesium.1.3.0
2026-01-22 15:52:56,315 [WARN] PackLoader:240 - Cannot read IP mode file for STMicroelectronics.X-CUBE-BLE2.3.3.0
2026-01-22 15:52:56,329 [WARN] PackLoader:240 - Cannot read IP mode file for STMicroelectronics.X-CUBE-NFC9.1.0.0
2026-01-22 15:52:56,335 [WARN] PackLoader:240 - Cannot read IP mode file for STMicroelectronics.X-CUBE-BLE1.7.1.0
2026-01-22 15:52:56,340 [WARN] PackLoader:240 - Cannot read IP mode file for STMicroelectronics.X-CUBE-TCPP.4.1.0
2026-01-22 15:52:56,344 [ERROR] Engine:466 - C:\Users\Sjiax\.stm32cubemx\thirdparties\pdsc\STMicroelectronics.X-CUBE-FREERTOS.1.4.0.pdsc: PDSC version is not supported
2026-01-22 15:52:56,348 [WARN] PackLoader:240 - Cannot read IP mode file for STMicroelectronics.X-CUBE-EEPRMA1.5.2.0
2026-01-22 15:52:56,352 [ERROR] Engine:466 - C:\Users\Sjiax\.stm32cubemx\thirdparties\pdsc\STMicroelectronics.X-CUBE-ST67W61.1.1.0.pdsc: PDSC version is not supported
2026-01-22 15:52:56,400 [WARN] PackLoader:240 - Cannot read IP mode file for STMicroelectronics.X-CUBE-MEMS1.12.0.0
2026-01-22 15:52:56,489 [WARN] PackLoader:240 - Cannot read IP mode file for STMicroelectronics.X-CUBE-MEMS1.11.2.0
2026-01-22 15:52:56,639 [WARN] PackLoader:240 - Cannot read IP mode file for STMicroelectronics.X-CUBE-AZRTOS-G0.1.1.0
2026-01-22 15:52:56,644 [WARN] PackLoader:240 - Cannot read IP mode file for STMicroelectronics.X-CUBE-SAFEA1.1.2.2
2026-01-22 15:52:56,648 [WARN] PackLoader:240 - Cannot read IP mode file for STMicroelectronics.X-CUBE-NFC4.3.0.0
2026-01-22 15:52:56,656 [WARN] PackLoader:240 - Cannot read IP mode file for EmbeddedOffice.I-CUBE-FS-RTOS.1.0.1
2026-01-22 15:52:56,660 [WARN] PackLoader:240 - Cannot read IP mode file for STMicroelectronics.X-CUBE-WB05N.2.0.0
2026-01-22 15:52:56,665 [WARN] PackLoader:240 - Cannot read IP mode file for STMicroelectronics.X-CUBE-TCPP.4.2.0
2026-01-22 15:52:56,671 [WARN] PackLoader:240 - Cannot read IP mode file for RealThread.X-CUBE-RT-Thread_Nano.4.1.1
2026-01-22 15:52:56,675 [WARN] PackLoader:240 - Cannot read IP mode file for wolfSSL.I-CUBE-wolfSSL.5.7.0
2026-01-22 15:52:56,679 [WARN] PackLoader:240 - Cannot read IP mode file for STMicroelectronics.FP-ATR-SIGFOX1.3.2.0
2026-01-22 15:52:56,684 [WARN] PackLoader:240 - Cannot read IP mode file for STMicroelectronics.X-CUBE-EEPRMA1.5.1.0
2026-01-22 15:52:56,690 [WARN] PackLoader:240 - Cannot read IP mode file for ITTIA_DB.I-CUBE-ITTIADB.8.9.0
2026-01-22 15:52:56,695 [WARN] PackLoader:240 - Cannot read IP mode file for STMicroelectronics.X-CUBE-NFC6.3.2.0
2026-01-22 15:52:56,700 [WARN] PackLoader:240 - Cannot read IP mode file for STMicroelectronics.X-CUBE-AI.10.2.0
2026-01-22 15:52:56,729 [WARN] PackLoader:240 - Cannot read IP mode file for SEGGER.I-CUBE-embOS.1.3.1
2026-01-22 15:52:56,763 [WARN] PackLoader:240 - Cannot read IP mode file for STMicroelectronics.X-CUBE-ALGOBUILD.1.4.0
2026-01-22 15:52:56,768 [WARN] PackLoader:240 - Cannot read IP mode file for STMicroelectronics.X-CUBE-PM33A1.1.0.0
2026-01-22 15:52:56,772 [WARN] PackLoader:240 - Cannot read IP mode file for STMicroelectronics.X-CUBE-GNSS1.6.0.0
2026-01-22 15:52:56,786 [WARN] PackLoader:240 - Cannot read IP mode file for STMicroelectronics.X-CUBE-AZRTOS-F4.1.1.0
2026-01-22 15:52:56,791 [WARN] PackLoader:240 - Cannot read IP mode file for Avnet-IotConnect.X-CUBE-IoTC-DA16k-PMOD.1.0.0
2026-01-22 15:52:56,795 [WARN] PackLoader:240 - Cannot read IP mode file for STMicroelectronics.X-CUBE-ISPU.2.1.0
2026-01-22 15:52:56,799 [ERROR] Engine:466 - C:\Users\Sjiax\.stm32cubemx\thirdparties\pdsc\STMicroelectronics.X-CUBE-IPS.3.2.0.pdsc: PDSC version is not supported
2026-01-22 15:52:56,803 [WARN] PackLoader:240 - Cannot read IP mode file for STMicroelectronics.X-CUBE-FREERTOS.1.2.0
2026-01-22 15:52:56,811 [WARN] PackLoader:240 - Cannot read IP mode file for STMicroelectronics.X-CUBE-NFC12.1.0.0
2026-01-22 15:52:56,825 [WARN] PackLoader:240 - Cannot read IP mode file for STMicroelectronics.X-CUBE-AZRTOS-L5.2.0.0
2026-01-22 15:52:56,831 [WARN] PackLoader:240 - Cannot read IP mode file for STMicroelectronics.X-CUBE-NFC6.3.1.0
2026-01-22 15:52:56,838 [WARN] PackLoader:240 - Cannot read IP mode file for STMicroelectronics.X-CUBE-DPower.1.2.0
2026-01-22 15:52:56,842 [WARN] PackLoader:240 - Cannot read IP mode file for STMicroelectronics.X-CUBE-AI.9.0.0
2026-01-22 15:52:56,846 [WARN] PackLoader:240 - Cannot read IP mode file for STMicroelectronics.X-CUBE-FREERTOS.1.3.0
2026-01-22 15:52:56,851 [WARN] PackLoader:240 - Cannot read IP mode file for STMicroelectronics.X-CUBE-NFC7.1.0.1
2026-01-22 15:52:56,856 [WARN] PackLoader:240 - Cannot read IP mode file for wolfSSL.I-CUBE-wolfTPM.3.2.0
2026-01-22 15:52:56,864 [WARN] PackLoader:240 - Cannot read IP mode file for STMicroelectronics.X-CUBE-TOUCHGFX.4.26.0
2026-01-22 15:52:56,869 [WARN] PackLoader:240 - Cannot read IP mode file for STMicroelectronics.FP-SNS-STAIOTCFT.1.0.0
2026-01-22 15:52:56,873 [WARN] PackLoader:240 - Cannot read IP mode file for STMicroelectronics.X-CUBE-DPower.1.3.0
2026-01-22 15:52:56,888 [WARN] ConditionMgr:438 - getConditionDescription Invalid condition id : LAN8742 Phy interface Condition cause : null
2026-01-22 15:52:56,888 [WARN] PackLoader:240 - Cannot read IP mode file for STMicroelectronics.X-CUBE-AZRTOS-L4.2.0.0
2026-01-22 15:52:56,890 [WARN] ConditionMgr:1044 - genDependencies : Invalid condition id : LAN8742 Phy interface Condition cause : null
2026-01-22 15:52:56,890 [WARN] ConditionMgr:1044 - genDependencies : Invalid condition id : LAN8742 Phy interface Condition cause : null
2026-01-22 15:52:56,891 [WARN] ConditionMgr:1044 - genDependencies : Invalid condition id : LAN8742 Phy interface Condition cause : null
2026-01-22 15:52:56,898 [WARN] PackLoader:240 - Cannot read IP mode file for STMicroelectronics.X-CUBE-SFXS2LP1.4.0.0
2026-01-22 15:52:56,901 [ERROR] Engine:466 - C:\Users\Sjiax\.stm32cubemx\thirdparties\pdsc\STMicroelectronics.X-CUBE-ST67W61.1.2.0.pdsc: PDSC version is not supported
2026-01-22 15:52:56,916 [WARN] PackLoader:240 - Cannot read IP mode file for STMicroelectronics.X-CUBE-AZRTOS-H7.3.3.0
2026-01-22 15:52:56,937 [WARN] PackLoader:240 - Cannot read IP mode file for STMicroelectronics.X-CUBE-BLEMGR.4.1.0
2026-01-22 15:52:56,950 [WARN] ConditionMgr:438 - getConditionDescription Invalid condition id : UX DEVICE CLASS RTOS Condition cause : null
2026-01-22 15:52:56,950 [WARN] ConditionMgr:438 - getConditionDescription Invalid condition id : UX DEVICE CLASS RTOS Condition cause : null
2026-01-22 15:52:56,952 [WARN] PackLoader:240 - Cannot read IP mode file for STMicroelectronics.X-CUBE-AZRTOS-WB.2.0.0
2026-01-22 15:52:56,952 [WARN] ConditionMgr:1044 - genDependencies : Invalid condition id : UX DEVICE CLASS RTOS Condition cause : null
2026-01-22 15:52:56,952 [WARN] ConditionMgr:1044 - genDependencies : Invalid condition id : UX DEVICE CLASS RTOS Condition cause : null
2026-01-22 15:52:56,953 [WARN] ConditionMgr:1044 - genDependencies : Invalid condition id : UX DEVICE CLASS RTOS Condition cause : null
2026-01-22 15:52:56,953 [WARN] ConditionMgr:1044 - genDependencies : Invalid condition id : UX DEVICE CLASS RTOS Condition cause : null
2026-01-22 15:52:56,953 [WARN] ConditionMgr:1044 - genDependencies : Invalid condition id : UX DEVICE CLASS RTOS Condition cause : null
2026-01-22 15:52:56,959 [WARN] PackLoader:240 - Cannot read IP mode file for STMicroelectronics.X-CUBE-GNSS1.7.0.0
2026-01-22 15:52:56,963 [WARN] PackLoader:240 - Cannot read IP mode file for STMicroelectronics.X-CUBE-GNSS1.7.0.1
2026-01-22 15:52:56,966 [WARN] PackLoader:240 - Cannot read IP mode file for STMicroelectronics.X-CUBE-TOUCHGFX.4.25.0
2026-01-22 15:52:56,971 [WARN] PackLoader:240 - Cannot read IP mode file for STMicroelectronics.FP-SNS-STBOX1.2.0.0
2026-01-22 15:52:56,979 [WARN] PackLoader:240 - Cannot read IP mode file for STMicroelectronics.X-CUBE-STSE01.2.0.0
2026-01-22 15:52:56,989 [WARN] PackLoader:240 - Cannot read IP mode file for STMicroelectronics.X-CUBE-SUBG2.5.0.0
2026-01-22 15:52:57,016 [WARN] PackLoader:240 - Cannot read IP mode file for STMicroelectronics.X-CUBE-AZRTOS-H7RS.1.1.0
2026-01-22 15:52:57,022 [WARN] PackLoader:240 - Cannot read IP mode file for Cesanta.I-CUBE-Mongoose.7.13.0
2026-01-22 15:52:57,032 [WARN] PackLoader:240 - Cannot read IP mode file for STMicroelectronics.X-CUBE-AZRTOS-G4.2.0.0
2026-01-22 15:52:57,037 [WARN] PackLoader:240 - Cannot read IP mode file for STMicroelectronics.X-CUBE-NFC7.2.0.0
2026-01-22 15:52:57,041 [WARN] PackLoader:240 - Cannot read IP mode file for STMicroelectronics.X-CUBE-ISPU.2.0.0
2026-01-22 15:52:57,053 [WARN] PackLoader:240 - Cannot read IP mode file for STMicroelectronics.X-CUBE-IPS.3.1.0
2026-01-22 15:52:57,070 [WARN] PackLoader:240 - Cannot read IP mode file for STMicroelectronics.X-CUBE-ALS.1.0.2
2026-01-22 15:52:57,107 [WARN] PackLoader:240 - Cannot read IP mode file for STMicroelectronics.X-CUBE-MEMS1.10.0.0
2026-01-22 15:52:57,214 [WARN] PackLoader:240 - Cannot read IP mode file for STMicroelectronics.X-CUBE-TOUCHGFX.4.24.0
2026-01-22 15:52:57,224 [WARN] PackLoader:240 - Cannot read IP mode file for STMicroelectronics.X-CUBE-STSE01.1.0.0
2026-01-22 15:52:57,231 [WARN] PackLoader:240 - Cannot read IP mode file for portGmbH.I-Cube-SoM-uGOAL.1.1.0
2026-01-22 15:52:57,262 [WARN] PackLoader:240 - Cannot read IP mode file for STMicroelectronics.X-CUBE-AZRTOS-H7RS.1.0.0
2026-01-22 15:52:57,268 [WARN] PackLoader:240 - Cannot read IP mode file for STMicroelectronics.FP-ATR-ASTRA1.2.0.0
2026-01-22 15:52:57,277 [WARN] PackLoader:240 - Cannot read IP mode file for STMicroelectronics.X-CUBE-TOF1.3.4.2
2026-01-22 15:52:57,293 [WARN] PackLoader:240 - Cannot read IP mode file for STMicroelectronics.X-CUBE-TOF1.3.4.3
2026-01-22 15:52:57,306 [WARN] PackLoader:240 - Cannot read IP mode file for STMicroelectronics.X-CUBE-TOF1.3.4.1
2026-01-22 15:52:57,322 [WARN] PackLoader:240 - Cannot read IP mode file for STMicroelectronics.X-CUBE-AZRTOS-H7.3.2.0
2026-01-22 15:52:57,334 [WARN] PackLoader:240 - Cannot read IP mode file for Infineon.AIROC-Wi-Fi-Bluetooth-STM32.1.6.0
2026-01-22 15:52:57,340 [WARN] PackLoader:240 - Cannot read IP mode file for wolfSSL.I-CUBE-wolfSSH.1.4.17
2026-01-22 15:52:57,341 [INFO] ThirdParty:978 - Integrity check success = true
2026-01-22 15:52:57,341 [INFO] IntegrityCheckThread:100 - exiting critical section [integrity check]
2026-01-22 15:52:57,341 [INFO] IntegrityCheckThread:103 - End integrity checks thread
2026-01-22 15:52:57,409 [INFO] WebApp:169 - Instantiating new browser for Auth
2026-01-22 15:52:58,259 [INFO] WebApp:463 - Apply proxy settings
2026-01-22 15:52:58,260 [INFO] WebApp:548 - Chromium requires no authentication
2026-01-22 15:52:58,270 [INFO] WebApp:491 - Direct internet connection detected
2026-01-22 15:52:58,294 [INFO] WebApp:894 - Register for checkConnection events
2026-01-22 15:52:58,294 [INFO] WebApp:463 - Apply proxy settings
2026-01-22 15:52:58,294 [INFO] WebApp:548 - Chromium requires no authentication
2026-01-22 15:52:58,295 [INFO] WebApp:491 - Direct internet connection detected
2026-01-22 15:52:58,474 [INFO] WebApp:225 - Starting web application
2026-01-22 15:52:58,474 [INFO] WebApp:593 - Web application path used C:\Applications\STM32CubeIDE\STM32CubeIDE_1.18.1\STM32CubeIDE\plugins\com.st.stm32cube.common.mx_6.14.1.202504091515\db\plugins\mcufinder\reactClient1\index.html
2026-01-22 15:52:58,580 [INFO] WebApp:191 - Connection restablished
2026-01-22 15:52:58,743 [INFO] UserAuth:484 - Internet connection configuration mode: 1
2026-01-22 15:56:37,392 [INFO] WebApp:194 - Connection lost
2026-01-22 15:56:37,534 [INFO] WebApp:191 - Connection restablished
2026-01-22 15:59:38,404 [INFO] WebApp:194 - Connection lost
2026-01-22 15:59:38,546 [INFO] WebApp:191 - Connection restablished
2026-01-22 20:47:22,977 [INFO] WebApp:194 - Connection lost
2026-01-22 20:47:23,245 [INFO] WebApp:191 - Connection restablished
2026-01-22 21:13:59,973 [ERROR] LogOutputStream:75 - [STDERR_REDIRECT] 
