2026-01-24 09:32:23,048 [INFO] Activator:176 - 


2026-01-24 09:32:23,055 [INFO] Activator:177 - !SESSION log4j initialized
2026-01-24 09:32:28,892 [INFO] LogOutputStream:77 - [STDOUT_REDIRECT] 
2026-01-24 09:32:29,846 [INFO] ApplicationProperties:184 - Using Application install path: C:\Applications\STM32CubeIDE\STM32CubeIDE_1.18.1\STM32CubeIDE\plugins\com.st.stm32cube.common.mx_6.14.1.202504091515
2026-01-24 09:32:29,863 [INFO] DbMcusXml:78 - Set database path to: C:\Applications\STM32CubeIDE\STM32CubeIDE_1.18.1\STM32CubeIDE\plugins\com.st.stm32cube.common.mx_6.14.1.202504091515\\db\/mcu/
2026-01-24 09:32:29,864 [INFO] ApiDb:274 - Set plugin database path to: C:\Applications\STM32CubeIDE\STM32CubeIDE_1.18.1\STM32CubeIDE\plugins\com.st.stm32cube.common.mx_6.14.1.202504091515\\db\/plugins/boardmanager/
2026-01-24 09:32:29,864 [WARN] ApiDb:259 - Overriding images path with different value:  => C:\Applications\STM32CubeIDE\STM32CubeIDE_1.18.1\STM32CubeIDE\plugins\com.st.stm32cube.common.mx_6.14.1.202504091515\\db\/plugins/mcufinder/images/
2026-01-24 09:32:29,874 [INFO] ApiDb:250 - Set database path to: C:\Users\Sjiax\.stmcufinder\plugins\mcufinder//mcu/
2026-01-24 09:32:29,875 [INFO] DbMcusAds:125 - Set database path to: C:\Users\Sjiax\.stmcufinder\plugins\mcufinder//mcu/
2026-01-24 09:32:29,877 [INFO] CrossReferenceDbSqlite:203 - Set database path to: C:\Users\Sjiax\.stmcufinder\plugins\mcufinder//mcu/cs/
2026-01-24 09:32:29,996 [INFO] RulesReader:64 - Compatibility file has been processed (302 Rules)
2026-01-24 09:32:30,072 [INFO] DbMcusXml:78 - Set database path to: C:\Applications\STM32CubeIDE\STM32CubeIDE_1.18.1\STM32CubeIDE\plugins\com.st.stm32cube.common.mx_6.14.1.202504091515\\db\/mcu/
2026-01-24 09:32:30,073 [INFO] ApiDb:274 - Set plugin database path to: C:\Applications\STM32CubeIDE\STM32CubeIDE_1.18.1\STM32CubeIDE\plugins\com.st.stm32cube.common.mx_6.14.1.202504091515\\db\/plugins/boardmanager/
2026-01-24 09:32:30,073 [INFO] ApiDb:261 - Set plugin images path to: C:\Applications\STM32CubeIDE\STM32CubeIDE_1.18.1\STM32CubeIDE\plugins\com.st.stm32cube.common.mx_6.14.1.202504091515\\db\/plugins/mcufinder/images/
2026-01-24 09:32:30,073 [WARN] DbFile:41 - Overriding database path with different value: C:\Users\Sjiax\.stmcufinder\plugins\mcufinder/ => C:\Users\Sjiax\.stmcufinder\plugins\mcufinder
2026-01-24 09:32:30,073 [INFO] ApiDb:250 - Set database path to: C:\Users\Sjiax\.stmcufinder\plugins\mcufinder//mcu/
2026-01-24 09:32:30,073 [WARN] DbFile:41 - Overriding database path with different value: C:\Users\Sjiax\.stmcufinder\plugins\mcufinder/ => C:\Users\Sjiax\.stmcufinder\plugins\mcufinder
2026-01-24 09:32:30,073 [INFO] DbMcusAds:125 - Set database path to: C:\Users\Sjiax\.stmcufinder\plugins\mcufinder//mcu/
2026-01-24 09:32:30,073 [WARN] DbFile:41 - Overriding database path with different value: C:\Users\Sjiax\.stmcufinder\plugins\mcufinder/ => C:\Users\Sjiax\.stmcufinder\plugins\mcufinder
2026-01-24 09:32:30,074 [WARN] DbFile:41 - Overriding database path with different value: C:\Users\Sjiax\.stmcufinder\plugins\mcufinder/ => C:\Users\Sjiax\.stmcufinder\plugins\mcufinder
2026-01-24 09:32:30,074 [INFO] CrossReferenceDbSqlite:203 - Set database path to: C:\Users\Sjiax\.stmcufinder\plugins\mcufinder//mcu/cs/
2026-01-24 09:32:30,149 [INFO] MainPanel:272 - HeapMemory: 268435456
2026-01-24 09:32:30,283 [INFO] DbMcusXml:78 - Set database path to: C:\Applications\STM32CubeIDE\STM32CubeIDE_1.18.1\STM32CubeIDE\plugins\com.st.stm32cube.common.mx_6.14.1.202504091515\\db\/mcu/
2026-01-24 09:32:30,283 [INFO] ApiDb:274 - Set plugin database path to: C:\Applications\STM32CubeIDE\STM32CubeIDE_1.18.1\STM32CubeIDE\plugins\com.st.stm32cube.common.mx_6.14.1.202504091515\\db\/plugins/boardmanager/
2026-01-24 09:32:30,283 [INFO] ApiDb:261 - Set plugin images path to: C:\Applications\STM32CubeIDE\STM32CubeIDE_1.18.1\STM32CubeIDE\plugins\com.st.stm32cube.common.mx_6.14.1.202504091515\\db\/plugins/mcufinder/images/
2026-01-24 09:32:30,284 [WARN] DbFile:41 - Overriding database path with different value: C:\Users\Sjiax\.stmcufinder\plugins\mcufinder/ => C:\Users\Sjiax\.stmcufinder\plugins\mcufinder
2026-01-24 09:32:30,284 [INFO] ApiDb:250 - Set database path to: C:\Users\Sjiax\.stmcufinder\plugins\mcufinder//mcu/
2026-01-24 09:32:30,284 [WARN] DbFile:41 - Overriding database path with different value: C:\Users\Sjiax\.stmcufinder\plugins\mcufinder/ => C:\Users\Sjiax\.stmcufinder\plugins\mcufinder
2026-01-24 09:32:30,284 [INFO] DbMcusAds:125 - Set database path to: C:\Users\Sjiax\.stmcufinder\plugins\mcufinder//mcu/
2026-01-24 09:32:30,284 [WARN] DbFile:41 - Overriding database path with different value: C:\Users\Sjiax\.stmcufinder\plugins\mcufinder/ => C:\Users\Sjiax\.stmcufinder\plugins\mcufinder
2026-01-24 09:32:30,284 [WARN] DbFile:41 - Overriding database path with different value: C:\Users\Sjiax\.stmcufinder\plugins\mcufinder/ => C:\Users\Sjiax\.stmcufinder\plugins\mcufinder
2026-01-24 09:32:30,284 [INFO] CrossReferenceDbSqlite:203 - Set database path to: C:\Users\Sjiax\.stmcufinder\plugins\mcufinder//mcu/cs/
2026-01-24 09:32:30,303 [INFO] ApplicationProperties:184 - Using Application install path: C:\Applications\STM32CubeIDE\STM32CubeIDE_1.18.1\STM32CubeIDE\plugins\com.st.stm32cube.common.mx_6.14.1.202504091515
2026-01-24 09:32:30,304 [INFO] PluginManage:196 - Search for loadable plugins [exclusion list=, ]
2026-01-24 09:32:30,307 [INFO] PluginManage:310 - Check plugin analytics
2026-01-24 09:32:30,525 [INFO] AnalyticsPlugin:253 - Accepted Software Licenses: STM32CubeMX.6.16.0
2026-01-24 09:32:30,525 [INFO] AnalyticsPlugin:255 - Accepted CMSIS Pack Licenses: 
2026-01-24 09:32:30,526 [INFO] AnalyticsPlugin:257 - Accepted Firmware Licenses: FW.L4.1.18.0
2026-01-24 09:32:30,529 [INFO] PluginManage:359 - Loaded plugin analytics (category:tool,tabindex:-1)
2026-01-24 09:32:30,529 [INFO] PluginManage:310 - Check plugin cadmodel
2026-01-24 09:32:30,537 [INFO] CADModel:105 - Init CAD model plugin
2026-01-24 09:32:30,538 [INFO] PluginManage:359 - Loaded plugin cadmodel (category:power,tabindex:5)
2026-01-24 09:32:30,538 [INFO] PluginManage:310 - Check plugin clock
2026-01-24 09:32:30,550 [INFO] PluginManage:359 - Loaded plugin clock (category:base,tabindex:2)
2026-01-24 09:32:30,550 [INFO] PluginManage:310 - Check plugin ddr
2026-01-24 09:32:30,552 [INFO] PluginManage:359 - Loaded plugin ddr (category:tool,tabindex:6)
2026-01-24 09:32:30,553 [INFO] PluginManage:310 - Check plugin filemanager
2026-01-24 09:32:30,721 [INFO] PluginManage:359 - Loaded plugin filemanager (category:base,tabindex:10)
2026-01-24 09:32:30,721 [INFO] PluginManage:310 - Check plugin ipmanager
2026-01-24 09:32:30,729 [INFO] PluginManage:359 - Loaded plugin ipmanager (category:base,tabindex:5)
2026-01-24 09:32:30,729 [INFO] PluginManage:310 - Check plugin lpbam
2026-01-24 09:32:30,737 [INFO] PluginManage:359 - Loaded plugin lpbam (category:base,tabindex:0)
2026-01-24 09:32:30,737 [INFO] PluginManage:310 - Check plugin memorymap
2026-01-24 09:32:30,751 [INFO] PluginManage:359 - Loaded plugin memorymap (category:base,tabindex:4)
2026-01-24 09:32:30,751 [INFO] PluginManage:310 - Check plugin pinoutandconfiguration
2026-01-24 09:32:30,761 [INFO] PluginManage:359 - Loaded plugin pinoutandconfiguration (category:base,tabindex:1)
2026-01-24 09:32:30,761 [INFO] PluginManage:310 - Check plugin pinoutconfig
2026-01-24 09:32:30,851 [WARN] SupportedApi:132 - Cannot load RTOS API schema: s4s-elt-must-match.1: The content of 'definitions' must match (annotation?, (simpleType | complexType)?, (unique | key | keyref)*)). A problem was found starting at: attribute.
2026-01-24 09:32:30,977 [INFO] PluginManage:359 - Loaded plugin pinoutconfig (category:base,tabindex:0)
2026-01-24 09:32:30,977 [INFO] PluginManage:310 - Check plugin power
2026-01-24 09:32:30,987 [INFO] PluginManage:359 - Loaded plugin power (category:power,tabindex:4)
2026-01-24 09:32:30,987 [INFO] PluginManage:310 - Check plugin projectmanager
2026-01-24 09:32:31,005 [INFO] PluginManage:359 - Loaded plugin projectmanager (category:projectmanager,tabindex:4)
2026-01-24 09:32:31,005 [INFO] PluginManage:310 - Check plugin rif
2026-01-24 09:32:31,013 [INFO] PluginManage:359 - Loaded plugin rif (category:base,tabindex:3)
2026-01-24 09:32:31,013 [INFO] PluginManage:310 - Check plugin thirdparty
2026-01-24 09:32:31,165 [WARN] IntegrityCheckThread:84 - waiting for thirdparty lock release [integrity check]
2026-01-24 09:32:31,165 [INFO] PluginManage:359 - Loaded plugin thirdparty (category:base,tabindex:-1)
2026-01-24 09:32:31,165 [INFO] IntegrityCheckThread:86 - entering critical section [integrity check]
2026-01-24 09:32:31,165 [INFO] PluginManage:310 - Check plugin tools
2026-01-24 09:32:31,166 [INFO] ThirdPartyUpdaterWithRetryManager:70 - Updater plugin not ready yet. [1/15]
2026-01-24 09:32:31,168 [INFO] PluginManage:359 - Loaded plugin tools (category:base,tabindex:7)
2026-01-24 09:32:31,168 [INFO] PluginManage:310 - Check plugin tutovideos
2026-01-24 09:32:31,334 [INFO] PluginManage:359 - Loaded plugin tutovideos (category:base,tabindex:-1)
2026-01-24 09:32:31,334 [INFO] PluginManage:310 - Check plugin updater
2026-01-24 09:32:31,355 [INFO] PluginManage:359 - Loaded plugin updater (category:base,tabindex:12)
2026-01-24 09:32:31,355 [INFO] PluginManage:310 - Check plugin userauth
2026-01-24 09:32:31,359 [INFO] UserAuth:118 - Init User Auth plugin
2026-01-24 09:32:31,360 [INFO] PluginManage:359 - Loaded plugin userauth (category:base,tabindex:14)
2026-01-24 09:32:31,360 [INFO] PluginManage:283 - PluginManage : Loaded plugins [18]
2026-01-24 09:32:31,567 [INFO] PinOutPanel:1589 - setPackage(No Configuration,No Configuration)
2026-01-24 09:32:31,664 [INFO] CADModel:165 - CPN selected for project level
2026-01-24 09:32:31,664 [INFO] CADModel:114 - Register for checkConnection events
2026-01-24 09:32:31,685 [INFO] IPUIPlugin:80 - create IPUIPlugin
2026-01-24 09:32:31,685 [INFO] PluginManager:220 - loadIPPluginJar : add adc
2026-01-24 09:32:31,688 [INFO] IPUIPlugin:80 - create IPUIPlugin
2026-01-24 09:32:31,688 [INFO] PluginManager:220 - loadIPPluginJar : add aes
2026-01-24 09:32:31,691 [INFO] IPUIPlugin:80 - create IPUIPlugin
2026-01-24 09:32:31,692 [INFO] PluginManager:220 - loadIPPluginJar : add can
2026-01-24 09:32:31,694 [INFO] IPUIPlugin:80 - create IPUIPlugin
2026-01-24 09:32:31,694 [INFO] PluginManager:220 - loadIPPluginJar : add comp
2026-01-24 09:32:31,696 [INFO] IPUIPlugin:80 - create IPUIPlugin
2026-01-24 09:32:31,696 [INFO] PluginManager:220 - loadIPPluginJar : add cryp
2026-01-24 09:32:31,699 [INFO] IPUIPlugin:80 - create IPUIPlugin
2026-01-24 09:32:31,699 [INFO] PluginManager:220 - loadIPPluginJar : add ddr_ctrl_phy
2026-01-24 09:32:31,702 [INFO] IPUIPlugin:80 - create IPUIPlugin
2026-01-24 09:32:31,702 [INFO] PluginManager:220 - loadIPPluginJar : add dfsdm
2026-01-24 09:32:31,707 [INFO] IPUIPlugin:80 - create IPUIPlugin
2026-01-24 09:32:31,708 [INFO] PluginManager:220 - loadIPPluginJar : add dma
2026-01-24 09:32:31,711 [INFO] IPUIPlugin:80 - create IPUIPlugin
2026-01-24 09:32:31,711 [INFO] PluginManager:220 - loadIPPluginJar : add dma3
2026-01-24 09:32:31,714 [INFO] IPUIPlugin:80 - create IPUIPlugin
2026-01-24 09:32:31,714 [INFO] PluginManager:220 - loadIPPluginJar : add extmemmanager
2026-01-24 09:32:31,716 [INFO] IPUIPlugin:80 - create IPUIPlugin
2026-01-24 09:32:31,716 [INFO] PluginManager:220 - loadIPPluginJar : add fatfs
2026-01-24 09:32:31,721 [INFO] IPUIPlugin:80 - create IPUIPlugin
2026-01-24 09:32:31,721 [INFO] PluginManager:220 - loadIPPluginJar : add fmc
2026-01-24 09:32:31,727 [INFO] IPUIPlugin:80 - create IPUIPlugin
2026-01-24 09:32:31,727 [INFO] PluginManager:220 - loadIPPluginJar : add freertos
2026-01-24 09:32:31,728 [INFO] IPUIPlugin:80 - create IPUIPlugin
2026-01-24 09:32:31,728 [INFO] PluginManager:220 - loadIPPluginJar : add genericplugin
2026-01-24 09:32:31,731 [INFO] IPUIPlugin:80 - create IPUIPlugin
2026-01-24 09:32:31,731 [INFO] PluginManager:220 - loadIPPluginJar : add gfxmmu
2026-01-24 09:32:31,735 [INFO] IPUIPlugin:80 - create IPUIPlugin
2026-01-24 09:32:31,735 [INFO] PluginManager:220 - loadIPPluginJar : add gic
2026-01-24 09:32:31,740 [INFO] IPUIPlugin:80 - create IPUIPlugin
2026-01-24 09:32:31,740 [INFO] PluginManager:220 - loadIPPluginJar : add gpio
2026-01-24 09:32:31,743 [INFO] IPUIPlugin:80 - create IPUIPlugin
2026-01-24 09:32:31,743 [INFO] PluginManager:220 - loadIPPluginJar : add gtzc
2026-01-24 09:32:31,745 [INFO] IPUIPlugin:80 - create IPUIPlugin
2026-01-24 09:32:31,745 [INFO] PluginManager:220 - loadIPPluginJar : add hash
2026-01-24 09:32:31,748 [INFO] IPUIPlugin:80 - create IPUIPlugin
2026-01-24 09:32:31,748 [INFO] PluginManager:220 - loadIPPluginJar : add i2c
2026-01-24 09:32:31,751 [INFO] IPUIPlugin:80 - create IPUIPlugin
2026-01-24 09:32:31,752 [INFO] PluginManager:220 - loadIPPluginJar : add i2s
2026-01-24 09:32:31,754 [INFO] IPUIPlugin:80 - create IPUIPlugin
2026-01-24 09:32:31,755 [INFO] PluginManager:220 - loadIPPluginJar : add i3c
2026-01-24 09:32:31,759 [INFO] IPUIPlugin:80 - create IPUIPlugin
2026-01-24 09:32:31,759 [INFO] PluginManager:220 - loadIPPluginJar : add ipddr
2026-01-24 09:32:31,767 [INFO] IPUIPlugin:80 - create IPUIPlugin
2026-01-24 09:32:31,767 [INFO] PluginManager:220 - loadIPPluginJar : add linkedlist
2026-01-24 09:32:31,771 [INFO] IPUIPlugin:80 - create IPUIPlugin
2026-01-24 09:32:31,771 [INFO] PluginManager:220 - loadIPPluginJar : add lorawan
2026-01-24 09:32:31,773 [INFO] IPUIPlugin:80 - create IPUIPlugin
2026-01-24 09:32:31,773 [INFO] PluginManager:220 - loadIPPluginJar : add ltdc
2026-01-24 09:32:31,779 [INFO] IPUIPlugin:80 - create IPUIPlugin
2026-01-24 09:32:31,779 [INFO] PluginManager:220 - loadIPPluginJar : add mdma
2026-01-24 09:32:31,782 [INFO] IPUIPlugin:80 - create IPUIPlugin
2026-01-24 09:32:31,783 [INFO] PluginManager:220 - loadIPPluginJar : add nvic
2026-01-24 09:32:31,786 [INFO] IPUIPlugin:80 - create IPUIPlugin
2026-01-24 09:32:31,786 [INFO] PluginManager:220 - loadIPPluginJar : add opamp
2026-01-24 09:32:31,788 [INFO] IPUIPlugin:80 - create IPUIPlugin
2026-01-24 09:32:31,788 [INFO] PluginManager:220 - loadIPPluginJar : add openamp
2026-01-24 09:32:31,792 [INFO] IPUIPlugin:80 - create IPUIPlugin
2026-01-24 09:32:31,792 [INFO] PluginManager:220 - loadIPPluginJar : add pdm2pcm
2026-01-24 09:32:31,798 [INFO] IPUIPlugin:80 - create IPUIPlugin
2026-01-24 09:32:31,800 [INFO] PluginManager:220 - loadIPPluginJar : add plateformsettings
2026-01-24 09:32:31,802 [INFO] IPUIPlugin:80 - create IPUIPlugin
2026-01-24 09:32:31,802 [INFO] PluginManager:220 - loadIPPluginJar : add quadspi
2026-01-24 09:32:31,803 [INFO] IPUIPlugin:80 - create IPUIPlugin
2026-01-24 09:32:31,804 [INFO] PluginManager:220 - loadIPPluginJar : add radio
2026-01-24 09:32:31,808 [INFO] IPUIPlugin:80 - create IPUIPlugin
2026-01-24 09:32:31,808 [INFO] PluginManager:220 - loadIPPluginJar : add resmgrutility
2026-01-24 09:32:31,811 [INFO] IPUIPlugin:80 - create IPUIPlugin
2026-01-24 09:32:31,811 [INFO] PluginManager:220 - loadIPPluginJar : add sai
2026-01-24 09:32:31,813 [INFO] IPUIPlugin:80 - create IPUIPlugin
2026-01-24 09:32:31,813 [INFO] PluginManager:220 - loadIPPluginJar : add spi
2026-01-24 09:32:31,818 [INFO] IPUIPlugin:80 - create IPUIPlugin
2026-01-24 09:32:31,818 [INFO] PluginManager:220 - loadIPPluginJar : add stm32_wpan
2026-01-24 09:32:31,821 [INFO] IPUIPlugin:80 - create IPUIPlugin
2026-01-24 09:32:31,821 [INFO] PluginManager:220 - loadIPPluginJar : add tim
2026-01-24 09:32:31,824 [INFO] IPUIPlugin:80 - create IPUIPlugin
2026-01-24 09:32:31,824 [INFO] PluginManager:220 - loadIPPluginJar : add touchsensing
2026-01-24 09:32:31,826 [INFO] IPUIPlugin:80 - create IPUIPlugin
2026-01-24 09:32:31,827 [INFO] PluginManager:220 - loadIPPluginJar : add tracer_emb
2026-01-24 09:32:31,829 [INFO] IPUIPlugin:80 - create IPUIPlugin
2026-01-24 09:32:31,829 [INFO] PluginManager:220 - loadIPPluginJar : add ts
2026-01-24 09:32:31,832 [INFO] IPUIPlugin:80 - create IPUIPlugin
2026-01-24 09:32:31,832 [INFO] PluginManager:220 - loadIPPluginJar : add tsc
2026-01-24 09:32:31,834 [INFO] IPUIPlugin:80 - create IPUIPlugin
2026-01-24 09:32:31,834 [INFO] PluginManager:220 - loadIPPluginJar : add ucpd
2026-01-24 09:32:31,837 [INFO] IPUIPlugin:80 - create IPUIPlugin
2026-01-24 09:32:31,837 [INFO] PluginManager:220 - loadIPPluginJar : add usart
2026-01-24 09:32:31,840 [INFO] IPUIPlugin:80 - create IPUIPlugin
2026-01-24 09:32:31,840 [INFO] PluginManager:220 - loadIPPluginJar : add usbx
2026-01-24 09:32:31,958 [FATAL] Updater:351 - Updater called before beeing initialized
2026-01-24 09:32:32,004 [INFO] RulesReader:64 - Compatibility file has been processed (302 Rules)
2026-01-24 09:32:32,019 [INFO] RulesReader:64 - Compatibility file has been processed (302 Rules)
2026-01-24 09:32:32,034 [INFO] CADModel:165 - CPN selected for project level
2026-01-24 09:32:32,034 [INFO] CADModel:114 - Register for checkConnection events
2026-01-24 09:32:32,034 [FATAL] Updater:351 - Updater called before beeing initialized
2026-01-24 09:32:32,034 [ERROR] CADModel:125 - Updater not yet initialized, retry later 
2026-01-24 09:32:32,188 [FATAL] Updater:351 - Updater called before beeing initialized
2026-01-24 09:32:32,190 [INFO] CADModel:165 - CPN selected for project level
2026-01-24 09:32:32,190 [INFO] CADModel:114 - Register for checkConnection events
2026-01-24 09:32:32,191 [FATAL] Updater:351 - Updater called before beeing initialized
2026-01-24 09:32:32,191 [ERROR] CADModel:125 - Updater not yet initialized, retry later 
2026-01-24 09:32:32,194 [FATAL] Updater:351 - Updater called before beeing initialized
2026-01-24 09:32:32,282 [FATAL] Updater:351 - Updater called before beeing initialized
2026-01-24 09:32:32,286 [INFO] DbMcusAds:53 - JSON generation date=Thu Jan 08 10:56:32 EST 2026 (1767887792457)
2026-01-24 09:32:32,286 [FATAL] Updater:351 - Updater called before beeing initialized
2026-01-24 09:32:32,318 [WARN] DetailPanel:346 - Failed to get advertising image, set to default
2026-01-24 09:32:32,521 [FATAL] Updater:351 - Updater called before beeing initialized
2026-01-24 09:32:32,524 [FATAL] Updater:351 - Updater called before beeing initialized
2026-01-24 09:32:32,524 [FATAL] Updater:351 - Updater called before beeing initialized
2026-01-24 09:32:32,525 [WARN] DetailPanel:346 - Failed to get advertising image, set to default
2026-01-24 09:32:32,525 [FATAL] Updater:351 - Updater called before beeing initialized
2026-01-24 09:32:32,564 [ERROR] Updater:1198 - MainUpdater not yet initialized. External WinMGr cannot be set.
2026-01-24 09:32:32,566 [INFO] Updater:1134 - Updater Version found : 6.14.1
2026-01-24 09:32:32,583 [INFO] ApplicationProperties:184 - Using Application install path: C:\Applications\STM32CubeIDE\STM32CubeIDE_1.18.1\STM32CubeIDE\plugins\com.st.stm32cube.common.mx_6.14.1.202504091515
2026-01-24 09:32:32,982 [INFO] MainUpdater:2872 - connection check result : 10
2026-01-24 09:32:32,983 [INFO] MainUpdater:289 - Updater Check For Update Now.
2026-01-24 09:32:32,983 [INFO] MicroXplorer:498 - Change Database Version : DB.6.0.141
2026-01-24 09:32:33,010 [INFO] McuFinderGlobals:63 - Set McuFinder mode to 2 (CubeIDE integrated)
2026-01-24 09:32:33,013 [INFO] UserAuth:484 - Internet connection configuration mode: 1
2026-01-24 09:32:33,051 [INFO] JxBrowserEngine:152 - Initiate JxBrowser Engine with user profile folder
2026-01-24 09:32:33,176 [INFO] CheckServerUpdateThread:120 - End of CheckServer Thread
2026-01-24 09:32:34,364 [WARN] PackLoader:240 - Cannot read IP mode file for STMicroelectronics.FP-SNS-MOTENVWB1.1.4.0
2026-01-24 09:32:34,371 [WARN] PackLoader:240 - Cannot read IP mode file for STMicroelectronics.FP-ATR-ASTRA1.2.0.2
2026-01-24 09:32:34,377 [WARN] PackLoader:240 - Cannot read IP mode file for STMicroelectronics.X-CUBE-SMBUS.2.1.0
2026-01-24 09:32:34,411 [WARN] PackLoader:240 - Cannot read IP mode file for STMicroelectronics.X-CUBE-AZRTOS-F7.1.1.0
2026-01-24 09:32:34,488 [WARN] PackLoader:240 - Cannot read IP mode file for STMicroelectronics.X-CUBE-MEMS1.11.0.0
2026-01-24 09:32:34,592 [ERROR] Engine:466 - C:\Users\Sjiax\.stm32cubemx\thirdparties\pdsc\STMicroelectronics.FP-SNS-MOTENV1.5.1.0.pdsc: PDSC version is not supported
2026-01-24 09:32:34,595 [WARN] PackLoader:240 - Cannot read IP mode file for STMicroelectronics.FP-SNS-FLIGHT1.5.0.2
2026-01-24 09:32:34,607 [WARN] PackLoader:240 - Cannot read IP mode file for STMicroelectronics.X-CUBE-AZRTOS-H7.3.4.0
2026-01-24 09:32:34,616 [WARN] PackLoader:240 - Cannot read IP mode file for STMicroelectronics.X-CUBE-DISPLAY.3.0.0
2026-01-24 09:32:34,622 [WARN] PackLoader:240 - Cannot read IP mode file for STMicroelectronics.X-CUBE-BLE1.7.0.0
2026-01-24 09:32:34,629 [WARN] PackLoader:240 - Cannot read IP mode file for STMicroelectronics.X-CUBE-NFC10.1.0.0
2026-01-24 09:32:34,635 [WARN] PackLoader:240 - Cannot read IP mode file for STMicroelectronics.X-CUBE-BLEMGR.4.0.0
2026-01-24 09:32:34,640 [WARN] PackLoader:240 - Cannot read IP mode file for STMicroelectronics.X-CUBE-ST60.1.1.0
2026-01-24 09:32:34,645 [WARN] PackLoader:240 - Cannot read IP mode file for emotas.I-CUBE-CANOPEN.1.3.0
2026-01-24 09:32:34,649 [WARN] PackLoader:240 - Cannot read IP mode file for STMicroelectronics.X-CUBE-GNSS1.7.1.0
2026-01-24 09:32:34,653 [WARN] ConditionMgr:438 - getConditionDescription Invalid condition id : Cortex-A Device cause : null
2026-01-24 09:32:34,666 [WARN] ConditionMgr:1044 - genDependencies : Invalid condition id : Cortex-A Device cause : null
2026-01-24 09:32:34,666 [WARN] ConditionMgr:1044 - genDependencies : Invalid condition id : Cortex-A Device cause : null
2026-01-24 09:32:34,666 [WARN] ConditionMgr:1044 - genDependencies : Invalid condition id : Cortex-A Device cause : null
2026-01-24 09:32:34,671 [WARN] PackLoader:240 - Cannot read IP mode file for STMicroelectronics.X-CUBE-BLEMGR.3.1.0
2026-01-24 09:32:34,675 [WARN] PackLoader:240 - Cannot read IP mode file for STMicroelectronics.X-CUBE-AI.10.0.0
2026-01-24 09:32:34,678 [ERROR] Engine:466 - C:\Users\Sjiax\.stm32cubemx\thirdparties\pdsc\STMicroelectronics.FP-SNS-STBOX1.2.1.0.pdsc: PDSC version is not supported
2026-01-24 09:32:34,682 [WARN] PackLoader:240 - Cannot read IP mode file for STMicroelectronics.FP-SNS-SMARTAG2.1.2.0
2026-01-24 09:32:34,685 [WARN] PackLoader:240 - Cannot read IP mode file for STMicroelectronics.FP-SNS-FLIGHT1.5.1.0
2026-01-24 09:32:34,692 [INFO] LogOutputStream:77 - [STDOUT_REDIRECT] 1 : Invalid condition id : UX_CORESTACK_Condition cause : null
2026-01-24 09:32:34,693 [INFO] LogOutputStream:77 - [STDOUT_REDIRECT] 1 : Invalid condition id : UX_CORESTACK_Condition cause : null
2026-01-24 09:32:34,694 [INFO] LogOutputStream:77 - [STDOUT_REDIRECT] 1 : Invalid condition id : UX_CORESTACK_Condition cause : null
2026-01-24 09:32:34,696 [INFO] LogOutputStream:77 - [STDOUT_REDIRECT] 1 : Invalid condition id : UX_CORESTACK_Condition cause : null
2026-01-24 09:32:34,697 [INFO] LogOutputStream:77 - [STDOUT_REDIRECT] 1 : Invalid condition id : UX_CORESTACK_Condition cause : null
2026-01-24 09:32:34,699 [WARN] PackLoader:240 - Cannot read IP mode file for STMicroelectronics.X-CUBE-AZRTOS-WL.2.0.0
2026-01-24 09:32:34,705 [WARN] PackLoader:240 - Cannot read IP mode file for STMicroelectronics.FP-SNS-MOTENV1.5.0.0
2026-01-24 09:32:34,717 [WARN] PackLoader:240 - Cannot read IP mode file for STMicroelectronics.X-CUBE-AZRTOS-H7RS.1.2.0
2026-01-24 09:32:34,732 [WARN] PackLoader:240 - Cannot read IP mode file for wolfSSL.I-CUBE-wolfMQTT.1.19.0
2026-01-24 09:32:34,740 [WARN] PackLoader:240 - Cannot read IP mode file for WES.I-CUBE-Cesium.1.3.0
2026-01-24 09:32:34,744 [WARN] PackLoader:240 - Cannot read IP mode file for STMicroelectronics.X-CUBE-BLE2.3.3.0
2026-01-24 09:32:34,761 [WARN] PackLoader:240 - Cannot read IP mode file for STMicroelectronics.X-CUBE-NFC9.1.0.0
2026-01-24 09:32:34,767 [WARN] PackLoader:240 - Cannot read IP mode file for STMicroelectronics.X-CUBE-BLE1.7.1.0
2026-01-24 09:32:34,773 [WARN] PackLoader:240 - Cannot read IP mode file for STMicroelectronics.X-CUBE-TCPP.4.1.0
2026-01-24 09:32:34,777 [ERROR] Engine:466 - C:\Users\Sjiax\.stm32cubemx\thirdparties\pdsc\STMicroelectronics.X-CUBE-FREERTOS.1.4.0.pdsc: PDSC version is not supported
2026-01-24 09:32:34,781 [WARN] PackLoader:240 - Cannot read IP mode file for STMicroelectronics.X-CUBE-EEPRMA1.5.2.0
2026-01-24 09:32:34,784 [ERROR] Engine:466 - C:\Users\Sjiax\.stm32cubemx\thirdparties\pdsc\STMicroelectronics.X-CUBE-ST67W61.1.1.0.pdsc: PDSC version is not supported
2026-01-24 09:32:34,811 [WARN] PackLoader:240 - Cannot read IP mode file for STMicroelectronics.X-CUBE-MEMS1.12.0.0
2026-01-24 09:32:34,967 [WARN] PackLoader:240 - Cannot read IP mode file for STMicroelectronics.X-CUBE-MEMS1.11.2.0
2026-01-24 09:32:35,047 [WARN] PackLoader:240 - Cannot read IP mode file for STMicroelectronics.X-CUBE-AZRTOS-G0.1.1.0
2026-01-24 09:32:35,051 [WARN] PackLoader:240 - Cannot read IP mode file for STMicroelectronics.X-CUBE-SAFEA1.1.2.2
2026-01-24 09:32:35,055 [WARN] PackLoader:240 - Cannot read IP mode file for STMicroelectronics.X-CUBE-NFC4.3.0.0
2026-01-24 09:32:35,061 [WARN] PackLoader:240 - Cannot read IP mode file for EmbeddedOffice.I-CUBE-FS-RTOS.1.0.1
2026-01-24 09:32:35,065 [WARN] PackLoader:240 - Cannot read IP mode file for STMicroelectronics.X-CUBE-WB05N.2.0.0
2026-01-24 09:32:35,069 [WARN] PackLoader:240 - Cannot read IP mode file for STMicroelectronics.X-CUBE-TCPP.4.2.0
2026-01-24 09:32:35,073 [WARN] PackLoader:240 - Cannot read IP mode file for RealThread.X-CUBE-RT-Thread_Nano.4.1.1
2026-01-24 09:32:35,076 [WARN] PackLoader:240 - Cannot read IP mode file for wolfSSL.I-CUBE-wolfSSL.5.7.0
2026-01-24 09:32:35,079 [WARN] PackLoader:240 - Cannot read IP mode file for STMicroelectronics.FP-ATR-SIGFOX1.3.2.0
2026-01-24 09:32:35,082 [WARN] PackLoader:240 - Cannot read IP mode file for STMicroelectronics.X-CUBE-EEPRMA1.5.1.0
2026-01-24 09:32:35,087 [WARN] PackLoader:240 - Cannot read IP mode file for ITTIA_DB.I-CUBE-ITTIADB.8.9.0
2026-01-24 09:32:35,091 [WARN] PackLoader:240 - Cannot read IP mode file for STMicroelectronics.X-CUBE-NFC6.3.2.0
2026-01-24 09:32:35,094 [WARN] PackLoader:240 - Cannot read IP mode file for STMicroelectronics.X-CUBE-AI.10.2.0
2026-01-24 09:32:35,111 [WARN] PackLoader:240 - Cannot read IP mode file for SEGGER.I-CUBE-embOS.1.3.1
2026-01-24 09:32:35,136 [WARN] PackLoader:240 - Cannot read IP mode file for STMicroelectronics.X-CUBE-ALGOBUILD.1.4.0
2026-01-24 09:32:35,141 [WARN] PackLoader:240 - Cannot read IP mode file for STMicroelectronics.X-CUBE-PM33A1.1.0.0
2026-01-24 09:32:35,145 [WARN] PackLoader:240 - Cannot read IP mode file for STMicroelectronics.X-CUBE-GNSS1.6.0.0
2026-01-24 09:32:35,154 [WARN] PackLoader:240 - Cannot read IP mode file for STMicroelectronics.X-CUBE-AZRTOS-F4.1.1.0
2026-01-24 09:32:35,158 [WARN] PackLoader:240 - Cannot read IP mode file for Avnet-IotConnect.X-CUBE-IoTC-DA16k-PMOD.1.0.0
2026-01-24 09:32:35,162 [WARN] PackLoader:240 - Cannot read IP mode file for STMicroelectronics.X-CUBE-ISPU.2.1.0
2026-01-24 09:32:35,165 [ERROR] Engine:466 - C:\Users\Sjiax\.stm32cubemx\thirdparties\pdsc\STMicroelectronics.X-CUBE-IPS.3.2.0.pdsc: PDSC version is not supported
2026-01-24 09:32:35,168 [WARN] PackLoader:240 - Cannot read IP mode file for STMicroelectronics.X-CUBE-FREERTOS.1.2.0
2026-01-24 09:32:35,173 [WARN] PackLoader:240 - Cannot read IP mode file for STMicroelectronics.X-CUBE-NFC12.1.0.0
2026-01-24 09:32:35,182 [WARN] PackLoader:240 - Cannot read IP mode file for STMicroelectronics.X-CUBE-AZRTOS-L5.2.0.0
2026-01-24 09:32:35,187 [WARN] PackLoader:240 - Cannot read IP mode file for STMicroelectronics.X-CUBE-NFC6.3.1.0
2026-01-24 09:32:35,193 [WARN] PackLoader:240 - Cannot read IP mode file for STMicroelectronics.X-CUBE-DPower.1.2.0
2026-01-24 09:32:35,198 [WARN] PackLoader:240 - Cannot read IP mode file for STMicroelectronics.X-CUBE-AI.9.0.0
2026-01-24 09:32:35,201 [WARN] PackLoader:240 - Cannot read IP mode file for STMicroelectronics.X-CUBE-FREERTOS.1.3.0
2026-01-24 09:32:35,204 [WARN] PackLoader:240 - Cannot read IP mode file for STMicroelectronics.X-CUBE-NFC7.1.0.1
2026-01-24 09:32:35,208 [WARN] PackLoader:240 - Cannot read IP mode file for wolfSSL.I-CUBE-wolfTPM.3.2.0
2026-01-24 09:32:35,214 [WARN] PackLoader:240 - Cannot read IP mode file for STMicroelectronics.X-CUBE-TOUCHGFX.4.26.0
2026-01-24 09:32:35,219 [WARN] PackLoader:240 - Cannot read IP mode file for STMicroelectronics.FP-SNS-STAIOTCFT.1.0.0
2026-01-24 09:32:35,222 [WARN] PackLoader:240 - Cannot read IP mode file for STMicroelectronics.X-CUBE-DPower.1.3.0
2026-01-24 09:32:35,232 [WARN] ConditionMgr:438 - getConditionDescription Invalid condition id : LAN8742 Phy interface Condition cause : null
2026-01-24 09:32:35,232 [WARN] PackLoader:240 - Cannot read IP mode file for STMicroelectronics.X-CUBE-AZRTOS-L4.2.0.0
2026-01-24 09:32:35,233 [WARN] ConditionMgr:1044 - genDependencies : Invalid condition id : LAN8742 Phy interface Condition cause : null
2026-01-24 09:32:35,233 [WARN] ConditionMgr:1044 - genDependencies : Invalid condition id : LAN8742 Phy interface Condition cause : null
2026-01-24 09:32:35,233 [WARN] ConditionMgr:1044 - genDependencies : Invalid condition id : LAN8742 Phy interface Condition cause : null
2026-01-24 09:32:35,238 [WARN] PackLoader:240 - Cannot read IP mode file for STMicroelectronics.X-CUBE-SFXS2LP1.4.0.0
2026-01-24 09:32:35,241 [ERROR] Engine:466 - C:\Users\Sjiax\.stm32cubemx\thirdparties\pdsc\STMicroelectronics.X-CUBE-ST67W61.1.2.0.pdsc: PDSC version is not supported
2026-01-24 09:32:35,250 [WARN] PackLoader:240 - Cannot read IP mode file for STMicroelectronics.X-CUBE-AZRTOS-H7.3.3.0
2026-01-24 09:32:35,257 [WARN] PackLoader:240 - Cannot read IP mode file for STMicroelectronics.X-CUBE-BLEMGR.4.1.0
2026-01-24 09:32:35,265 [WARN] ConditionMgr:438 - getConditionDescription Invalid condition id : UX DEVICE CLASS RTOS Condition cause : null
2026-01-24 09:32:35,265 [WARN] ConditionMgr:438 - getConditionDescription Invalid condition id : UX DEVICE CLASS RTOS Condition cause : null
2026-01-24 09:32:35,266 [WARN] PackLoader:240 - Cannot read IP mode file for STMicroelectronics.X-CUBE-AZRTOS-WB.2.0.0
2026-01-24 09:32:35,266 [WARN] ConditionMgr:1044 - genDependencies : Invalid condition id : UX DEVICE CLASS RTOS Condition cause : null
2026-01-24 09:32:35,266 [WARN] ConditionMgr:1044 - genDependencies : Invalid condition id : UX DEVICE CLASS RTOS Condition cause : null
2026-01-24 09:32:35,266 [WARN] ConditionMgr:1044 - genDependencies : Invalid condition id : UX DEVICE CLASS RTOS Condition cause : null
2026-01-24 09:32:35,266 [WARN] ConditionMgr:1044 - genDependencies : Invalid condition id : UX DEVICE CLASS RTOS Condition cause : null
2026-01-24 09:32:35,267 [WARN] ConditionMgr:1044 - genDependencies : Invalid condition id : UX DEVICE CLASS RTOS Condition cause : null
2026-01-24 09:32:35,270 [WARN] PackLoader:240 - Cannot read IP mode file for STMicroelectronics.X-CUBE-GNSS1.7.0.0
2026-01-24 09:32:35,273 [WARN] PackLoader:240 - Cannot read IP mode file for STMicroelectronics.X-CUBE-GNSS1.7.0.1
2026-01-24 09:32:35,276 [WARN] PackLoader:240 - Cannot read IP mode file for STMicroelectronics.X-CUBE-TOUCHGFX.4.25.0
2026-01-24 09:32:35,282 [WARN] PackLoader:240 - Cannot read IP mode file for STMicroelectronics.FP-SNS-STBOX1.2.0.0
2026-01-24 09:32:35,290 [WARN] PackLoader:240 - Cannot read IP mode file for STMicroelectronics.X-CUBE-STSE01.2.0.0
2026-01-24 09:32:35,299 [WARN] PackLoader:240 - Cannot read IP mode file for STMicroelectronics.X-CUBE-SUBG2.5.0.0
2026-01-24 09:32:35,319 [WARN] PackLoader:240 - Cannot read IP mode file for STMicroelectronics.X-CUBE-AZRTOS-H7RS.1.1.0
2026-01-24 09:32:35,327 [WARN] PackLoader:240 - Cannot read IP mode file for Cesanta.I-CUBE-Mongoose.7.13.0
2026-01-24 09:32:35,339 [WARN] PackLoader:240 - Cannot read IP mode file for STMicroelectronics.X-CUBE-AZRTOS-G4.2.0.0
2026-01-24 09:32:35,344 [WARN] PackLoader:240 - Cannot read IP mode file for STMicroelectronics.X-CUBE-NFC7.2.0.0
2026-01-24 09:32:35,347 [WARN] PackLoader:240 - Cannot read IP mode file for STMicroelectronics.X-CUBE-ISPU.2.0.0
2026-01-24 09:32:35,369 [WARN] PackLoader:240 - Cannot read IP mode file for STMicroelectronics.X-CUBE-IPS.3.1.0
2026-01-24 09:32:35,377 [WARN] PackLoader:240 - Cannot read IP mode file for STMicroelectronics.X-CUBE-ALS.1.0.2
2026-01-24 09:32:35,398 [WARN] PackLoader:240 - Cannot read IP mode file for STMicroelectronics.X-CUBE-MEMS1.10.0.0
2026-01-24 09:32:35,447 [WARN] PackLoader:240 - Cannot read IP mode file for STMicroelectronics.X-CUBE-TOUCHGFX.4.24.0
2026-01-24 09:32:35,451 [WARN] PackLoader:240 - Cannot read IP mode file for STMicroelectronics.X-CUBE-STSE01.1.0.0
2026-01-24 09:32:35,456 [WARN] PackLoader:240 - Cannot read IP mode file for portGmbH.I-Cube-SoM-uGOAL.1.1.0
2026-01-24 09:32:35,465 [WARN] PackLoader:240 - Cannot read IP mode file for STMicroelectronics.X-CUBE-AZRTOS-H7RS.1.0.0
2026-01-24 09:32:35,468 [WARN] PackLoader:240 - Cannot read IP mode file for STMicroelectronics.FP-ATR-ASTRA1.2.0.0
2026-01-24 09:32:35,481 [WARN] PackLoader:240 - Cannot read IP mode file for STMicroelectronics.X-CUBE-TOF1.3.4.2
2026-01-24 09:32:35,491 [WARN] PackLoader:240 - Cannot read IP mode file for STMicroelectronics.X-CUBE-TOF1.3.4.3
2026-01-24 09:32:35,501 [WARN] PackLoader:240 - Cannot read IP mode file for STMicroelectronics.X-CUBE-TOF1.3.4.1
2026-01-24 09:32:35,515 [WARN] PackLoader:240 - Cannot read IP mode file for STMicroelectronics.X-CUBE-AZRTOS-H7.3.2.0
2026-01-24 09:32:35,522 [WARN] PackLoader:240 - Cannot read IP mode file for Infineon.AIROC-Wi-Fi-Bluetooth-STM32.1.6.0
2026-01-24 09:32:35,527 [WARN] PackLoader:240 - Cannot read IP mode file for wolfSSL.I-CUBE-wolfSSH.1.4.17
2026-01-24 09:32:35,527 [INFO] ThirdParty:978 - Integrity check success = true
2026-01-24 09:32:35,527 [INFO] IntegrityCheckThread:100 - exiting critical section [integrity check]
2026-01-24 09:32:35,527 [INFO] IntegrityCheckThread:103 - End integrity checks thread
2026-01-24 09:32:35,688 [INFO] WebApp:169 - Instantiating new browser for Auth
2026-01-24 09:32:36,350 [INFO] WebApp:463 - Apply proxy settings
2026-01-24 09:32:36,351 [INFO] WebApp:548 - Chromium requires no authentication
2026-01-24 09:32:36,360 [INFO] WebApp:491 - Direct internet connection detected
2026-01-24 09:32:36,382 [INFO] WebApp:894 - Register for checkConnection events
2026-01-24 09:32:36,382 [INFO] WebApp:463 - Apply proxy settings
2026-01-24 09:32:36,382 [INFO] WebApp:548 - Chromium requires no authentication
2026-01-24 09:32:36,382 [INFO] WebApp:491 - Direct internet connection detected
2026-01-24 09:32:36,543 [INFO] WebApp:225 - Starting web application
2026-01-24 09:32:36,543 [INFO] WebApp:593 - Web application path used C:\Applications\STM32CubeIDE\STM32CubeIDE_1.18.1\STM32CubeIDE\plugins\com.st.stm32cube.common.mx_6.14.1.202504091515\db\plugins\mcufinder\reactClient1\index.html
2026-01-24 09:32:36,559 [INFO] WebApp:191 - Connection restablished
2026-01-24 09:32:36,851 [INFO] UserAuth:484 - Internet connection configuration mode: 1
2026-01-24 15:40:24,989 [ERROR] LogOutputStream:75 - [STDERR_REDIRECT] 
