2026-01-21 09:18:26,145 [ERROR] LogOutputStream:75 - [STDERR_REDIRECT] 
2026-01-21 15:12:31,032 [INFO] Activator:176 - 


2026-01-21 15:12:31,032 [INFO] Activator:177 - !SESSION log4j initialized
2026-01-21 15:12:36,103 [INFO] LogOutputStream:77 - [STDOUT_REDIRECT] 
2026-01-21 15:12:37,669 [INFO] ApplicationProperties:184 - Using Application install path: C:\Applications\STM32CubeIDE\STM32CubeIDE_1.18.1\STM32CubeIDE\plugins\com.st.stm32cube.common.mx_6.14.1.202504091515
2026-01-21 15:12:37,709 [INFO] DbMcusXml:78 - Set database path to: C:\Applications\STM32CubeIDE\STM32CubeIDE_1.18.1\STM32CubeIDE\plugins\com.st.stm32cube.common.mx_6.14.1.202504091515\\db\/mcu/
2026-01-21 15:12:37,711 [INFO] ApiDb:274 - Set plugin database path to: C:\Applications\STM32CubeIDE\STM32CubeIDE_1.18.1\STM32CubeIDE\plugins\com.st.stm32cube.common.mx_6.14.1.202504091515\\db\/plugins/boardmanager/
2026-01-21 15:12:37,717 [WARN] ApiDb:259 - Overriding images path with different value:  => C:\Applications\STM32CubeIDE\STM32CubeIDE_1.18.1\STM32CubeIDE\plugins\com.st.stm32cube.common.mx_6.14.1.202504091515\\db\/plugins/mcufinder/images/
2026-01-21 15:12:37,748 [INFO] ApiDb:250 - Set database path to: C:\Users\Sjiax\.stmcufinder\plugins\mcufinder//mcu/
2026-01-21 15:12:37,748 [INFO] DbMcusAds:125 - Set database path to: C:\Users\Sjiax\.stmcufinder\plugins\mcufinder//mcu/
2026-01-21 15:12:37,748 [INFO] CrossReferenceDbSqlite:203 - Set database path to: C:\Users\Sjiax\.stmcufinder\plugins\mcufinder//mcu/cs/
2026-01-21 15:12:38,256 [INFO] RulesReader:64 - Compatibility file has been processed (302 Rules)
2026-01-21 15:12:38,529 [INFO] DbMcusXml:78 - Set database path to: C:\Applications\STM32CubeIDE\STM32CubeIDE_1.18.1\STM32CubeIDE\plugins\com.st.stm32cube.common.mx_6.14.1.202504091515\\db\/mcu/
2026-01-21 15:12:38,529 [INFO] ApiDb:274 - Set plugin database path to: C:\Applications\STM32CubeIDE\STM32CubeIDE_1.18.1\STM32CubeIDE\plugins\com.st.stm32cube.common.mx_6.14.1.202504091515\\db\/plugins/boardmanager/
2026-01-21 15:12:38,529 [INFO] ApiDb:261 - Set plugin images path to: C:\Applications\STM32CubeIDE\STM32CubeIDE_1.18.1\STM32CubeIDE\plugins\com.st.stm32cube.common.mx_6.14.1.202504091515\\db\/plugins/mcufinder/images/
2026-01-21 15:12:38,529 [WARN] DbFile:41 - Overriding database path with different value: C:\Users\Sjiax\.stmcufinder\plugins\mcufinder/ => C:\Users\Sjiax\.stmcufinder\plugins\mcufinder
2026-01-21 15:12:38,529 [INFO] ApiDb:250 - Set database path to: C:\Users\Sjiax\.stmcufinder\plugins\mcufinder//mcu/
2026-01-21 15:12:38,529 [WARN] DbFile:41 - Overriding database path with different value: C:\Users\Sjiax\.stmcufinder\plugins\mcufinder/ => C:\Users\Sjiax\.stmcufinder\plugins\mcufinder
2026-01-21 15:12:38,529 [INFO] DbMcusAds:125 - Set database path to: C:\Users\Sjiax\.stmcufinder\plugins\mcufinder//mcu/
2026-01-21 15:12:38,529 [WARN] DbFile:41 - Overriding database path with different value: C:\Users\Sjiax\.stmcufinder\plugins\mcufinder/ => C:\Users\Sjiax\.stmcufinder\plugins\mcufinder
2026-01-21 15:12:38,529 [WARN] DbFile:41 - Overriding database path with different value: C:\Users\Sjiax\.stmcufinder\plugins\mcufinder/ => C:\Users\Sjiax\.stmcufinder\plugins\mcufinder
2026-01-21 15:12:38,529 [INFO] CrossReferenceDbSqlite:203 - Set database path to: C:\Users\Sjiax\.stmcufinder\plugins\mcufinder//mcu/cs/
2026-01-21 15:12:38,752 [INFO] MainPanel:272 - HeapMemory: 268435456
2026-01-21 15:12:38,960 [INFO] DbMcusXml:78 - Set database path to: C:\Applications\STM32CubeIDE\STM32CubeIDE_1.18.1\STM32CubeIDE\plugins\com.st.stm32cube.common.mx_6.14.1.202504091515\\db\/mcu/
2026-01-21 15:12:38,960 [INFO] ApiDb:274 - Set plugin database path to: C:\Applications\STM32CubeIDE\STM32CubeIDE_1.18.1\STM32CubeIDE\plugins\com.st.stm32cube.common.mx_6.14.1.202504091515\\db\/plugins/boardmanager/
2026-01-21 15:12:38,960 [INFO] ApiDb:261 - Set plugin images path to: C:\Applications\STM32CubeIDE\STM32CubeIDE_1.18.1\STM32CubeIDE\plugins\com.st.stm32cube.common.mx_6.14.1.202504091515\\db\/plugins/mcufinder/images/
2026-01-21 15:12:38,960 [WARN] DbFile:41 - Overriding database path with different value: C:\Users\Sjiax\.stmcufinder\plugins\mcufinder/ => C:\Users\Sjiax\.stmcufinder\plugins\mcufinder
2026-01-21 15:12:38,960 [INFO] ApiDb:250 - Set database path to: C:\Users\Sjiax\.stmcufinder\plugins\mcufinder//mcu/
2026-01-21 15:12:38,960 [WARN] DbFile:41 - Overriding database path with different value: C:\Users\Sjiax\.stmcufinder\plugins\mcufinder/ => C:\Users\Sjiax\.stmcufinder\plugins\mcufinder
2026-01-21 15:12:38,960 [INFO] DbMcusAds:125 - Set database path to: C:\Users\Sjiax\.stmcufinder\plugins\mcufinder//mcu/
2026-01-21 15:12:38,960 [WARN] DbFile:41 - Overriding database path with different value: C:\Users\Sjiax\.stmcufinder\plugins\mcufinder/ => C:\Users\Sjiax\.stmcufinder\plugins\mcufinder
2026-01-21 15:12:38,960 [WARN] DbFile:41 - Overriding database path with different value: C:\Users\Sjiax\.stmcufinder\plugins\mcufinder/ => C:\Users\Sjiax\.stmcufinder\plugins\mcufinder
2026-01-21 15:12:38,960 [INFO] CrossReferenceDbSqlite:203 - Set database path to: C:\Users\Sjiax\.stmcufinder\plugins\mcufinder//mcu/cs/
2026-01-21 15:12:39,016 [INFO] ApplicationProperties:184 - Using Application install path: C:\Applications\STM32CubeIDE\STM32CubeIDE_1.18.1\STM32CubeIDE\plugins\com.st.stm32cube.common.mx_6.14.1.202504091515
2026-01-21 15:12:39,018 [INFO] PluginManage:196 - Search for loadable plugins [exclusion list=, ]
2026-01-21 15:12:39,021 [INFO] PluginManage:310 - Check plugin analytics
2026-01-21 15:12:40,134 [INFO] AnalyticsPlugin:253 - Accepted Software Licenses: STM32CubeMX.6.16.0
2026-01-21 15:12:40,134 [INFO] AnalyticsPlugin:255 - Accepted CMSIS Pack Licenses: 
2026-01-21 15:12:40,134 [INFO] AnalyticsPlugin:257 - Accepted Firmware Licenses: FW.L4.1.18.0
2026-01-21 15:12:40,141 [INFO] PluginManage:359 - Loaded plugin analytics (category:tool,tabindex:-1)
2026-01-21 15:12:40,141 [INFO] PluginManage:310 - Check plugin cadmodel
2026-01-21 15:12:40,151 [INFO] CADModel:105 - Init CAD model plugin
2026-01-21 15:12:40,151 [INFO] PluginManage:359 - Loaded plugin cadmodel (category:power,tabindex:5)
2026-01-21 15:12:40,162 [INFO] PluginManage:310 - Check plugin clock
2026-01-21 15:12:40,177 [INFO] PluginManage:359 - Loaded plugin clock (category:base,tabindex:2)
2026-01-21 15:12:40,177 [INFO] PluginManage:310 - Check plugin ddr
2026-01-21 15:12:40,177 [INFO] PluginManage:359 - Loaded plugin ddr (category:tool,tabindex:6)
2026-01-21 15:12:40,177 [INFO] PluginManage:310 - Check plugin filemanager
2026-01-21 15:12:40,574 [INFO] PluginManage:359 - Loaded plugin filemanager (category:base,tabindex:10)
2026-01-21 15:12:40,574 [INFO] PluginManage:310 - Check plugin ipmanager
2026-01-21 15:12:40,604 [INFO] PluginManage:359 - Loaded plugin ipmanager (category:base,tabindex:5)
2026-01-21 15:12:40,604 [INFO] PluginManage:310 - Check plugin lpbam
2026-01-21 15:12:40,619 [INFO] PluginManage:359 - Loaded plugin lpbam (category:base,tabindex:0)
2026-01-21 15:12:40,619 [INFO] PluginManage:310 - Check plugin memorymap
2026-01-21 15:12:40,652 [INFO] PluginManage:359 - Loaded plugin memorymap (category:base,tabindex:4)
2026-01-21 15:12:40,652 [INFO] PluginManage:310 - Check plugin pinoutandconfiguration
2026-01-21 15:12:40,674 [INFO] PluginManage:359 - Loaded plugin pinoutandconfiguration (category:base,tabindex:1)
2026-01-21 15:12:40,674 [INFO] PluginManage:310 - Check plugin pinoutconfig
2026-01-21 15:12:40,913 [WARN] SupportedApi:132 - Cannot load RTOS API schema: s4s-elt-must-match.1: The content of 'definitions' must match (annotation?, (simpleType | complexType)?, (unique | key | keyref)*)). A problem was found starting at: attribute.
2026-01-21 15:12:41,942 [INFO] PluginManage:359 - Loaded plugin pinoutconfig (category:base,tabindex:0)
2026-01-21 15:12:41,944 [INFO] PluginManage:310 - Check plugin power
2026-01-21 15:12:42,020 [INFO] PluginManage:359 - Loaded plugin power (category:power,tabindex:4)
2026-01-21 15:12:42,020 [INFO] PluginManage:310 - Check plugin projectmanager
2026-01-21 15:12:42,113 [INFO] PluginManage:359 - Loaded plugin projectmanager (category:projectmanager,tabindex:4)
2026-01-21 15:12:42,117 [INFO] PluginManage:310 - Check plugin rif
2026-01-21 15:12:42,143 [INFO] PluginManage:359 - Loaded plugin rif (category:base,tabindex:3)
2026-01-21 15:12:42,143 [INFO] PluginManage:310 - Check plugin thirdparty
2026-01-21 15:12:43,105 [INFO] PluginManage:359 - Loaded plugin thirdparty (category:base,tabindex:-1)
2026-01-21 15:12:43,105 [INFO] PluginManage:310 - Check plugin tools
2026-01-21 15:12:43,105 [WARN] IntegrityCheckThread:84 - waiting for thirdparty lock release [integrity check]
2026-01-21 15:12:43,107 [INFO] IntegrityCheckThread:86 - entering critical section [integrity check]
2026-01-21 15:12:43,109 [INFO] ThirdPartyUpdaterWithRetryManager:70 - Updater plugin not ready yet. [1/15]
2026-01-21 15:12:43,117 [INFO] PluginManage:359 - Loaded plugin tools (category:base,tabindex:7)
2026-01-21 15:12:43,117 [INFO] PluginManage:310 - Check plugin tutovideos
2026-01-21 15:12:43,820 [INFO] PluginManage:359 - Loaded plugin tutovideos (category:base,tabindex:-1)
2026-01-21 15:12:43,820 [INFO] PluginManage:310 - Check plugin updater
2026-01-21 15:12:43,995 [INFO] PluginManage:359 - Loaded plugin updater (category:base,tabindex:12)
2026-01-21 15:12:43,995 [INFO] PluginManage:310 - Check plugin userauth
2026-01-21 15:12:44,064 [INFO] UserAuth:118 - Init User Auth plugin
2026-01-21 15:12:44,064 [INFO] PluginManage:359 - Loaded plugin userauth (category:base,tabindex:14)
2026-01-21 15:12:44,064 [INFO] PluginManage:283 - PluginManage : Loaded plugins [18]
2026-01-21 15:12:45,020 [INFO] PinOutPanel:1589 - setPackage(No Configuration,No Configuration)
2026-01-21 15:12:45,582 [INFO] CADModel:165 - CPN selected for project level
2026-01-21 15:12:45,582 [INFO] CADModel:114 - Register for checkConnection events
2026-01-21 15:12:45,627 [INFO] IPUIPlugin:80 - create IPUIPlugin
2026-01-21 15:12:45,627 [INFO] PluginManager:220 - loadIPPluginJar : add adc
2026-01-21 15:12:45,643 [INFO] IPUIPlugin:80 - create IPUIPlugin
2026-01-21 15:12:45,643 [INFO] PluginManager:220 - loadIPPluginJar : add aes
2026-01-21 15:12:45,643 [INFO] IPUIPlugin:80 - create IPUIPlugin
2026-01-21 15:12:45,643 [INFO] PluginManager:220 - loadIPPluginJar : add can
2026-01-21 15:12:45,659 [INFO] IPUIPlugin:80 - create IPUIPlugin
2026-01-21 15:12:45,659 [INFO] PluginManager:220 - loadIPPluginJar : add comp
2026-01-21 15:12:45,724 [INFO] IPUIPlugin:80 - create IPUIPlugin
2026-01-21 15:12:45,724 [INFO] PluginManager:220 - loadIPPluginJar : add cryp
2026-01-21 15:12:45,747 [INFO] IPUIPlugin:80 - create IPUIPlugin
2026-01-21 15:12:45,747 [INFO] PluginManager:220 - loadIPPluginJar : add ddr_ctrl_phy
2026-01-21 15:12:45,747 [INFO] IPUIPlugin:80 - create IPUIPlugin
2026-01-21 15:12:45,747 [INFO] PluginManager:220 - loadIPPluginJar : add dfsdm
2026-01-21 15:12:45,772 [INFO] IPUIPlugin:80 - create IPUIPlugin
2026-01-21 15:12:45,772 [INFO] PluginManager:220 - loadIPPluginJar : add dma
2026-01-21 15:12:45,804 [INFO] IPUIPlugin:80 - create IPUIPlugin
2026-01-21 15:12:45,804 [INFO] PluginManager:220 - loadIPPluginJar : add dma3
2026-01-21 15:12:45,931 [INFO] IPUIPlugin:80 - create IPUIPlugin
2026-01-21 15:12:45,933 [INFO] PluginManager:220 - loadIPPluginJar : add extmemmanager
2026-01-21 15:12:45,939 [INFO] IPUIPlugin:80 - create IPUIPlugin
2026-01-21 15:12:45,939 [INFO] PluginManager:220 - loadIPPluginJar : add fatfs
2026-01-21 15:12:45,957 [INFO] IPUIPlugin:80 - create IPUIPlugin
2026-01-21 15:12:45,957 [INFO] PluginManager:220 - loadIPPluginJar : add fmc
2026-01-21 15:12:46,059 [INFO] IPUIPlugin:80 - create IPUIPlugin
2026-01-21 15:12:46,059 [INFO] PluginManager:220 - loadIPPluginJar : add freertos
2026-01-21 15:12:46,091 [INFO] IPUIPlugin:80 - create IPUIPlugin
2026-01-21 15:12:46,091 [INFO] PluginManager:220 - loadIPPluginJar : add genericplugin
2026-01-21 15:12:46,123 [INFO] ThirdPartyUpdaterWithRetryManager:70 - Updater plugin not ready yet. [2/15]
2026-01-21 15:12:46,123 [INFO] IPUIPlugin:80 - create IPUIPlugin
2026-01-21 15:12:46,123 [INFO] PluginManager:220 - loadIPPluginJar : add gfxmmu
2026-01-21 15:12:46,155 [INFO] IPUIPlugin:80 - create IPUIPlugin
2026-01-21 15:12:46,155 [INFO] PluginManager:220 - loadIPPluginJar : add gic
2026-01-21 15:12:46,220 [INFO] IPUIPlugin:80 - create IPUIPlugin
2026-01-21 15:12:46,220 [INFO] PluginManager:220 - loadIPPluginJar : add gpio
2026-01-21 15:12:46,236 [INFO] IPUIPlugin:80 - create IPUIPlugin
2026-01-21 15:12:46,236 [INFO] PluginManager:220 - loadIPPluginJar : add gtzc
2026-01-21 15:12:46,252 [INFO] IPUIPlugin:80 - create IPUIPlugin
2026-01-21 15:12:46,252 [INFO] PluginManager:220 - loadIPPluginJar : add hash
2026-01-21 15:12:46,272 [INFO] IPUIPlugin:80 - create IPUIPlugin
2026-01-21 15:12:46,272 [INFO] PluginManager:220 - loadIPPluginJar : add i2c
2026-01-21 15:12:46,284 [INFO] IPUIPlugin:80 - create IPUIPlugin
2026-01-21 15:12:46,284 [INFO] PluginManager:220 - loadIPPluginJar : add i2s
2026-01-21 15:12:46,300 [INFO] IPUIPlugin:80 - create IPUIPlugin
2026-01-21 15:12:46,300 [INFO] PluginManager:220 - loadIPPluginJar : add i3c
2026-01-21 15:12:46,316 [INFO] IPUIPlugin:80 - create IPUIPlugin
2026-01-21 15:12:46,316 [INFO] PluginManager:220 - loadIPPluginJar : add ipddr
2026-01-21 15:12:46,370 [INFO] IPUIPlugin:80 - create IPUIPlugin
2026-01-21 15:12:46,370 [INFO] PluginManager:220 - loadIPPluginJar : add linkedlist
2026-01-21 15:12:46,380 [INFO] IPUIPlugin:80 - create IPUIPlugin
2026-01-21 15:12:46,380 [INFO] PluginManager:220 - loadIPPluginJar : add lorawan
2026-01-21 15:12:46,412 [INFO] IPUIPlugin:80 - create IPUIPlugin
2026-01-21 15:12:46,412 [INFO] PluginManager:220 - loadIPPluginJar : add ltdc
2026-01-21 15:12:46,428 [INFO] IPUIPlugin:80 - create IPUIPlugin
2026-01-21 15:12:46,428 [INFO] PluginManager:220 - loadIPPluginJar : add mdma
2026-01-21 15:12:46,476 [INFO] IPUIPlugin:80 - create IPUIPlugin
2026-01-21 15:12:46,476 [INFO] PluginManager:220 - loadIPPluginJar : add nvic
2026-01-21 15:12:46,510 [INFO] IPUIPlugin:80 - create IPUIPlugin
2026-01-21 15:12:46,510 [INFO] PluginManager:220 - loadIPPluginJar : add opamp
2026-01-21 15:12:46,589 [INFO] IPUIPlugin:80 - create IPUIPlugin
2026-01-21 15:12:46,589 [INFO] PluginManager:220 - loadIPPluginJar : add openamp
2026-01-21 15:12:46,605 [INFO] IPUIPlugin:80 - create IPUIPlugin
2026-01-21 15:12:46,605 [INFO] PluginManager:220 - loadIPPluginJar : add pdm2pcm
2026-01-21 15:12:46,685 [INFO] IPUIPlugin:80 - create IPUIPlugin
2026-01-21 15:12:46,685 [INFO] PluginManager:220 - loadIPPluginJar : add plateformsettings
2026-01-21 15:12:46,701 [INFO] IPUIPlugin:80 - create IPUIPlugin
2026-01-21 15:12:46,701 [INFO] PluginManager:220 - loadIPPluginJar : add quadspi
2026-01-21 15:12:46,733 [INFO] IPUIPlugin:80 - create IPUIPlugin
2026-01-21 15:12:46,733 [INFO] PluginManager:220 - loadIPPluginJar : add radio
2026-01-21 15:12:46,781 [INFO] IPUIPlugin:80 - create IPUIPlugin
2026-01-21 15:12:46,781 [INFO] PluginManager:220 - loadIPPluginJar : add resmgrutility
2026-01-21 15:12:46,797 [INFO] IPUIPlugin:80 - create IPUIPlugin
2026-01-21 15:12:46,797 [INFO] PluginManager:220 - loadIPPluginJar : add sai
2026-01-21 15:12:46,797 [INFO] IPUIPlugin:80 - create IPUIPlugin
2026-01-21 15:12:46,797 [INFO] PluginManager:220 - loadIPPluginJar : add spi
2026-01-21 15:12:46,812 [INFO] IPUIPlugin:80 - create IPUIPlugin
2026-01-21 15:12:46,812 [INFO] PluginManager:220 - loadIPPluginJar : add stm32_wpan
2026-01-21 15:12:46,830 [INFO] IPUIPlugin:80 - create IPUIPlugin
2026-01-21 15:12:46,830 [INFO] PluginManager:220 - loadIPPluginJar : add tim
2026-01-21 15:12:46,846 [INFO] IPUIPlugin:80 - create IPUIPlugin
2026-01-21 15:12:46,846 [INFO] PluginManager:220 - loadIPPluginJar : add touchsensing
2026-01-21 15:12:46,862 [INFO] IPUIPlugin:80 - create IPUIPlugin
2026-01-21 15:12:46,862 [INFO] PluginManager:220 - loadIPPluginJar : add tracer_emb
2026-01-21 15:12:46,895 [INFO] IPUIPlugin:80 - create IPUIPlugin
2026-01-21 15:12:46,895 [INFO] PluginManager:220 - loadIPPluginJar : add ts
2026-01-21 15:12:46,927 [INFO] IPUIPlugin:80 - create IPUIPlugin
2026-01-21 15:12:46,927 [INFO] PluginManager:220 - loadIPPluginJar : add tsc
2026-01-21 15:12:46,927 [INFO] IPUIPlugin:80 - create IPUIPlugin
2026-01-21 15:12:46,927 [INFO] PluginManager:220 - loadIPPluginJar : add ucpd
2026-01-21 15:12:46,942 [INFO] IPUIPlugin:80 - create IPUIPlugin
2026-01-21 15:12:46,942 [INFO] PluginManager:220 - loadIPPluginJar : add usart
2026-01-21 15:12:46,942 [INFO] IPUIPlugin:80 - create IPUIPlugin
2026-01-21 15:12:46,942 [INFO] PluginManager:220 - loadIPPluginJar : add usbx
2026-01-21 15:12:47,253 [FATAL] Updater:351 - Updater called before beeing initialized
2026-01-21 15:12:47,410 [INFO] RulesReader:64 - Compatibility file has been processed (302 Rules)
2026-01-21 15:12:47,649 [INFO] RulesReader:64 - Compatibility file has been processed (302 Rules)
2026-01-21 15:12:47,683 [INFO] CADModel:165 - CPN selected for project level
2026-01-21 15:12:47,683 [INFO] CADModel:114 - Register for checkConnection events
2026-01-21 15:12:47,683 [FATAL] Updater:351 - Updater called before beeing initialized
2026-01-21 15:12:47,683 [ERROR] CADModel:125 - Updater not yet initialized, retry later 
2026-01-21 15:12:48,640 [FATAL] Updater:351 - Updater called before beeing initialized
2026-01-21 15:12:48,660 [INFO] CADModel:165 - CPN selected for project level
2026-01-21 15:12:48,660 [INFO] CADModel:114 - Register for checkConnection events
2026-01-21 15:12:48,660 [FATAL] Updater:351 - Updater called before beeing initialized
2026-01-21 15:12:48,664 [ERROR] CADModel:125 - Updater not yet initialized, retry later 
2026-01-21 15:12:48,678 [FATAL] Updater:351 - Updater called before beeing initialized
2026-01-21 15:12:49,136 [INFO] ThirdPartyUpdaterWithRetryManager:70 - Updater plugin not ready yet. [3/15]
2026-01-21 15:12:49,910 [FATAL] Updater:351 - Updater called before beeing initialized
2026-01-21 15:12:49,924 [INFO] DbMcusAds:53 - JSON generation date=Thu Jan 08 10:56:32 EST 2026 (1767887792457)
2026-01-21 15:12:49,924 [FATAL] Updater:351 - Updater called before beeing initialized
2026-01-21 15:12:50,188 [WARN] DetailPanel:346 - Failed to get advertising image, set to default
2026-01-21 15:12:51,562 [FATAL] Updater:351 - Updater called before beeing initialized
2026-01-21 15:12:51,579 [FATAL] Updater:351 - Updater called before beeing initialized
2026-01-21 15:12:51,579 [FATAL] Updater:351 - Updater called before beeing initialized
2026-01-21 15:12:51,579 [WARN] DetailPanel:346 - Failed to get advertising image, set to default
2026-01-21 15:12:51,589 [FATAL] Updater:351 - Updater called before beeing initialized
2026-01-21 15:12:51,789 [ERROR] Updater:1198 - MainUpdater not yet initialized. External WinMGr cannot be set.
2026-01-21 15:12:51,789 [INFO] Updater:1134 - Updater Version found : 6.14.1
2026-01-21 15:12:51,837 [INFO] ApplicationProperties:184 - Using Application install path: C:\Applications\STM32CubeIDE\STM32CubeIDE_1.18.1\STM32CubeIDE\plugins\com.st.stm32cube.common.mx_6.14.1.202504091515
2026-01-21 15:12:52,138 [FATAL] Updater:351 - Updater called before beeing initialized
2026-01-21 15:12:52,138 [ERROR] IntegrityCheckThread:130 - Cannot retrieve database content from updater: error 21
2026-01-21 15:12:52,138 [INFO] ThirdParty:978 - Integrity check success = false
2026-01-21 15:12:52,138 [INFO] IntegrityCheckThread:100 - exiting critical section [integrity check]
2026-01-21 15:12:52,138 [INFO] IntegrityCheckThread:103 - End integrity checks thread
2026-01-21 15:12:53,447 [INFO] MainUpdater:2872 - connection check result : 10
2026-01-21 15:12:53,447 [INFO] MainUpdater:289 - Updater Check For Update Now.
2026-01-21 15:12:53,447 [INFO] MicroXplorer:498 - Change Database Version : DB.6.0.141
2026-01-21 15:12:53,474 [INFO] McuFinderGlobals:63 - Set McuFinder mode to 2 (CubeIDE integrated)
2026-01-21 15:12:53,476 [INFO] UserAuth:484 - Internet connection configuration mode: 1
2026-01-21 15:12:53,627 [INFO] JxBrowserEngine:152 - Initiate JxBrowser Engine with user profile folder
2026-01-21 15:12:53,886 [INFO] CheckServerUpdateThread:120 - End of CheckServer Thread
2026-01-21 15:12:56,543 [INFO] WebApp:169 - Instantiating new browser for Auth
2026-01-21 15:12:58,376 [INFO] WebApp:463 - Apply proxy settings
2026-01-21 15:12:58,376 [INFO] WebApp:548 - Chromium requires no authentication
2026-01-21 15:12:58,398 [INFO] WebApp:491 - Direct internet connection detected
2026-01-21 15:12:58,506 [INFO] WebApp:894 - Register for checkConnection events
2026-01-21 15:12:58,506 [INFO] WebApp:463 - Apply proxy settings
2026-01-21 15:12:58,507 [INFO] WebApp:548 - Chromium requires no authentication
2026-01-21 15:12:58,510 [INFO] WebApp:491 - Direct internet connection detected
2026-01-21 15:12:58,792 [INFO] WebApp:191 - Connection restablished
2026-01-21 15:12:59,265 [INFO] WebApp:225 - Starting web application
2026-01-21 15:12:59,265 [INFO] WebApp:593 - Web application path used C:\Applications\STM32CubeIDE\STM32CubeIDE_1.18.1\STM32CubeIDE\plugins\com.st.stm32cube.common.mx_6.14.1.202504091515\db\plugins\mcufinder\reactClient1\index.html
2026-01-21 15:12:59,796 [INFO] UserAuth:484 - Internet connection configuration mode: 1
2026-01-21 16:01:19,289 [INFO] LogOutputStream:77 - [STDOUT_REDIRECT] StartTraceHandler.execute(), success : Collect=true
2026-01-21 20:47:00,392 [INFO] WebApp:194 - Connection lost
2026-01-21 20:47:00,766 [INFO] WebApp:191 - Connection restablished
2026-01-21 22:25:09,285 [ERROR] LogOutputStream:75 - [STDERR_REDIRECT] 
